<?xml version="1.0" encoding="UTF-8"?>
<coverage generated="1768849043651" clover="3.2.0">
  <project timestamp="1768849043651" name="All files">
    <metrics statements="295" coveredstatements="246" conditionals="387" coveredconditionals="364" methods="100" coveredmethods="86" elements="782" coveredelements="696" complexity="0" loc="295" ncloc="295" packages="13" files="29" classes="29"/>
    <package name="src">
      <metrics statements="2" coveredstatements="0" conditionals="0" coveredconditionals="0" methods="0" coveredmethods="0"/>
      <file name="index.ts" path="D:\DevEnv\project\landrik-ui\src\index.ts">
        <metrics statements="1" coveredstatements="0" conditionals="0" coveredconditionals="0" methods="0" coveredmethods="0"/>
        <line num="1" count="0" type="stmt"/>
      </file>
      <file name="theme.ts" path="D:\DevEnv\project\landrik-ui\src\theme.ts">
        <metrics statements="1" coveredstatements="0" conditionals="0" coveredconditionals="0" methods="0" coveredmethods="0"/>
        <line num="1" count="0" type="stmt"/>
      </file>
    </package>
    <package name="src.assets.core">
      <metrics statements="7" coveredstatements="7" conditionals="0" coveredconditionals="0" methods="0" coveredmethods="0"/>
      <file name="tokens.ts" path="D:\DevEnv\project\landrik-ui\src\assets\core\tokens.ts">
        <metrics statements="7" coveredstatements="7" conditionals="0" coveredconditionals="0" methods="0" coveredmethods="0"/>
        <line num="1" count="4" type="stmt"/>
        <line num="65" count="4" type="stmt"/>
        <line num="70" count="4" type="stmt"/>
        <line num="78" count="4" type="stmt"/>
        <line num="94" count="4" type="stmt"/>
        <line num="109" count="4" type="stmt"/>
        <line num="118" count="4" type="stmt"/>
      </file>
    </package>
    <package name="src.assets.svgs">
      <metrics statements="2" coveredstatements="2" conditionals="0" coveredconditionals="0" methods="0" coveredmethods="0"/>
      <file name="icons.tsx" path="D:\DevEnv\project\landrik-ui\src\assets\svgs\icons.tsx">
        <metrics statements="2" coveredstatements="2" conditionals="0" coveredconditionals="0" methods="0" coveredmethods="0"/>
        <line num="1" count="4" type="stmt"/>
        <line num="4" count="4" type="stmt"/>
      </file>
    </package>
    <package name="src.components">
      <metrics statements="7" coveredstatements="0" conditionals="0" coveredconditionals="0" methods="7" coveredmethods="0"/>
      <file name="index.ts" path="D:\DevEnv\project\landrik-ui\src\components\index.ts">
        <metrics statements="7" coveredstatements="0" conditionals="0" coveredconditionals="0" methods="7" coveredmethods="0"/>
        <line num="1" count="0" type="stmt"/>
        <line num="2" count="0" type="stmt"/>
        <line num="3" count="0" type="stmt"/>
        <line num="4" count="0" type="stmt"/>
        <line num="5" count="0" type="stmt"/>
        <line num="6" count="0" type="stmt"/>
        <line num="7" count="0" type="stmt"/>
      </file>
    </package>
    <package name="src.components.atoms.Button">
      <metrics statements="57" coveredstatements="52" conditionals="82" coveredconditionals="77" methods="7" coveredmethods="7"/>
      <file name="Button.styles.ts" path="D:\DevEnv\project\landrik-ui\src\components\atoms\Button\Button.styles.ts">
        <metrics statements="31" coveredstatements="28" conditionals="33" coveredconditionals="30" methods="6" coveredmethods="6"/>
        <line num="1" count="1" type="stmt"/>
        <line num="4" count="1" type="cond" truecount="2" falsecount="0"/>
        <line num="10" count="1" type="cond" truecount="2" falsecount="0"/>
        <line num="27" count="27" type="cond" truecount="2" falsecount="0"/>
        <line num="31" count="27" type="cond" truecount="2" falsecount="0"/>
        <line num="32" count="3" type="cond" truecount="3" falsecount="1"/>
        <line num="34" count="1" type="stmt"/>
        <line num="39" count="0" type="stmt"/>
        <line num="45" count="2" type="stmt"/>
        <line num="52" count="24" type="cond" truecount="4" falsecount="0"/>
        <line num="54" count="1" type="stmt"/>
        <line num="59" count="1" type="stmt"/>
        <line num="65" count="22" type="stmt"/>
        <line num="75" count="27" type="cond" truecount="3" falsecount="1"/>
        <line num="76" count="1" type="stmt"/>
        <line num="77" count="25" type="stmt"/>
        <line num="78" count="1" type="stmt"/>
        <line num="79" count="0" type="stmt"/>
        <line num="85" count="27" type="cond" truecount="5" falsecount="1"/>
        <line num="87" count="23" type="stmt"/>
        <line num="103" count="1" type="stmt"/>
        <line num="119" count="1" type="stmt"/>
        <line num="133" count="1" type="stmt"/>
        <line num="147" count="1" type="stmt"/>
        <line num="163" count="0" type="stmt"/>
        <line num="175" count="27" type="cond" truecount="3" falsecount="0"/>
        <line num="176" count="1" type="stmt"/>
        <line num="177" count="1" type="stmt"/>
        <line num="178" count="25" type="stmt"/>
        <line num="184" count="1" type="cond" truecount="2" falsecount="0"/>
        <line num="187" count="10" type="cond" truecount="2" falsecount="0"/>
      </file>
      <file name="Button.tsx" path="D:\DevEnv\project\landrik-ui\src\components\atoms\Button\Button.tsx">
        <metrics statements="24" coveredstatements="24" conditionals="49" coveredconditionals="47" methods="1" coveredmethods="1"/>
        <line num="1" count="1" type="stmt"/>
        <line num="2" count="1" type="stmt"/>
        <line num="6" count="1" type="stmt"/>
        <line num="35" count="1" type="stmt"/>
        <line num="36" count="27" type="cond" truecount="2" falsecount="0"/>
        <line num="37" count="27" type="stmt"/>
        <line num="38" count="27" type="stmt"/>
        <line num="39" count="27" type="cond" truecount="2" falsecount="0"/>
        <line num="40" count="27" type="cond" truecount="2" falsecount="0"/>
        <line num="41" count="27" type="cond" truecount="2" falsecount="0"/>
        <line num="42" count="27" type="cond" truecount="2" falsecount="0"/>
        <line num="43" count="27" type="cond" truecount="2" falsecount="0"/>
        <line num="44" count="27" type="cond" truecount="1" falsecount="1"/>
        <line num="45" count="27" type="cond" truecount="2" falsecount="0"/>
        <line num="46" count="27" type="stmt"/>
        <line num="47" count="27" type="cond" truecount="2" falsecount="0"/>
        <line num="48" count="27" type="cond" truecount="2" falsecount="0"/>
        <line num="49" count="27" type="stmt"/>
        <line num="50" count="27" type="stmt"/>
        <line num="55" count="27" type="cond" truecount="4" falsecount="0"/>
        <line num="56" count="27" type="cond" truecount="2" falsecount="0"/>
        <line num="57" count="27" type="cond" truecount="2" falsecount="1"/>
        <line num="59" count="27" type="stmt"/>
        <line num="82" count="1" type="stmt"/>
      </file>
      <file name="index.ts" path="D:\DevEnv\project\landrik-ui\src\components\atoms\Button\index.ts">
        <metrics statements="2" coveredstatements="0" conditionals="0" coveredconditionals="0" methods="0" coveredmethods="0"/>
        <line num="1" count="0" type="stmt"/>
        <line num="3" count="0" type="stmt"/>
      </file>
    </package>
    <package name="src.components.atoms.CheckBox">
      <metrics statements="33" coveredstatements="31" conditionals="56" coveredconditionals="54" methods="13" coveredmethods="13"/>
      <file name="CheckBox.styles.ts" path="D:\DevEnv\project\landrik-ui\src\components\atoms\CheckBox\CheckBox.styles.ts">
        <metrics statements="17" coveredstatements="17" conditionals="38" coveredconditionals="36" methods="11" coveredmethods="11"/>
        <line num="6" count="1" type="stmt"/>
        <line num="8" count="1" type="cond" truecount="2" falsecount="0"/>
        <line num="12" count="15" type="cond" truecount="2" falsecount="0"/>
        <line num="13" count="15" type="cond" truecount="2" falsecount="0"/>
        <line num="17" count="1" type="cond" truecount="2" falsecount="0"/>
        <line num="24" count="1" type="cond" truecount="2" falsecount="0"/>
        <line num="30" count="15" type="cond" truecount="4" falsecount="0"/>
        <line num="31" count="15" type="cond" truecount="4" falsecount="0"/>
        <line num="32" count="15" type="cond" truecount="4" falsecount="0"/>
        <line num="38" count="15" type="cond" truecount="4" falsecount="0"/>
        <line num="41" count="15" type="stmt"/>
        <line num="45" count="15" type="stmt"/>
        <line num="49" count="1" type="cond" truecount="2" falsecount="0"/>
        <line num="54" count="15" type="cond" truecount="2" falsecount="0"/>
        <line num="55" count="15" type="cond" truecount="2" falsecount="0"/>
        <line num="59" count="1" type="cond" truecount="2" falsecount="0"/>
        <line num="60" count="3" type="cond" truecount="2" falsecount="2"/>
      </file>
      <file name="CheckBox.tsx" path="D:\DevEnv\project\landrik-ui\src\components\atoms\CheckBox\CheckBox.tsx">
        <metrics statements="14" coveredstatements="14" conditionals="18" coveredconditionals="18" methods="2" coveredmethods="2"/>
        <line num="2" count="1" type="stmt"/>
        <line num="3" count="1" type="stmt"/>
        <line num="7" count="1" type="stmt"/>
        <line num="19" count="1" type="stmt"/>
        <line num="20" count="15" type="stmt"/>
        <line num="21" count="15" type="stmt"/>
        <line num="22" count="15" type="stmt"/>
        <line num="23" count="15" type="cond" truecount="2" falsecount="0"/>
        <line num="24" count="15" type="cond" truecount="2" falsecount="0"/>
        <line num="25" count="15" type="cond" truecount="2" falsecount="0"/>
        <line num="26" count="15" type="cond" truecount="2" falsecount="0"/>
        <line num="28" count="15" type="cond" truecount="4" falsecount="0"/>
        <line num="30" count="15" type="stmt"/>
        <line num="34" count="3" type="stmt"/>
      </file>
      <file name="index.ts" path="D:\DevEnv\project\landrik-ui\src\components\atoms\CheckBox\index.ts">
        <metrics statements="2" coveredstatements="0" conditionals="0" coveredconditionals="0" methods="0" coveredmethods="0"/>
        <line num="1" count="0" type="stmt"/>
        <line num="3" count="0" type="stmt"/>
      </file>
    </package>
    <package name="src.components.atoms.Icons">
      <metrics statements="11" coveredstatements="7" conditionals="4" coveredconditionals="3" methods="1" coveredmethods="1"/>
      <file name="Icon.stories.ts" path="D:\DevEnv\project\landrik-ui\src\components\atoms\Icons\Icon.stories.ts">
        <metrics statements="4" coveredstatements="0" conditionals="0" coveredconditionals="0" methods="0" coveredmethods="0"/>
        <line num="4" count="0" type="stmt"/>
        <line num="6" count="0" type="stmt"/>
        <line num="14" count="0" type="stmt"/>
        <line num="17" count="0" type="stmt"/>
      </file>
      <file name="Icon.tsx" path="D:\DevEnv\project\landrik-ui\src\components\atoms\Icons\Icon.tsx">
        <metrics statements="5" coveredstatements="5" conditionals="4" coveredconditionals="3" methods="1" coveredmethods="1"/>
        <line num="1" count="4" type="stmt"/>
        <line num="3" count="4" type="stmt"/>
        <line num="4" count="4" type="stmt"/>
        <line num="17" count="68" type="cond" truecount="2" falsecount="0"/>
        <line num="18" count="68" type="stmt"/>
      </file>
      <file name="index.ts" path="D:\DevEnv\project\landrik-ui\src\components\atoms\Icons\index.ts">
        <metrics statements="2" coveredstatements="2" conditionals="0" coveredconditionals="0" methods="0" coveredmethods="0"/>
        <line num="1" count="4" type="stmt"/>
        <line num="3" count="4" type="stmt"/>
      </file>
    </package>
    <package name="src.components.atoms.Link">
      <metrics statements="9" coveredstatements="0" conditionals="2" coveredconditionals="0" methods="1" coveredmethods="0"/>
      <file name="Link.tsx" path="D:\DevEnv\project\landrik-ui\src\components\atoms\Link\Link.tsx">
        <metrics statements="7" coveredstatements="0" conditionals="2" coveredconditionals="0" methods="1" coveredmethods="0"/>
        <line num="1" count="0" type="stmt"/>
        <line num="2" count="0" type="stmt"/>
        <line num="3" count="0" type="stmt"/>
        <line num="6" count="0" type="stmt"/>
        <line num="27" count="0" type="stmt"/>
        <line num="28" count="0" type="stmt"/>
        <line num="36" count="0" type="stmt"/>
      </file>
      <file name="index.ts" path="D:\DevEnv\project\landrik-ui\src\components\atoms\Link\index.ts">
        <metrics statements="2" coveredstatements="0" conditionals="0" coveredconditionals="0" methods="0" coveredmethods="0"/>
        <line num="1" count="0" type="stmt"/>
        <line num="3" count="0" type="stmt"/>
      </file>
    </package>
    <package name="src.components.atoms.RadioButton">
      <metrics statements="32" coveredstatements="30" conditionals="42" coveredconditionals="42" methods="14" coveredmethods="14"/>
      <file name="RadioButton.tsx" path="D:\DevEnv\project\landrik-ui\src\components\atoms\RadioButton\RadioButton.tsx">
        <metrics statements="12" coveredstatements="12" conditionals="4" coveredconditionals="4" methods="3" coveredmethods="3"/>
        <line num="2" count="1" type="stmt"/>
        <line num="4" count="1" type="stmt"/>
        <line num="23" count="1" type="stmt"/>
        <line num="24" count="13" type="stmt"/>
        <line num="25" count="13" type="stmt"/>
        <line num="26" count="13" type="stmt"/>
        <line num="27" count="13" type="stmt"/>
        <line num="28" count="13" type="cond" truecount="2" falsecount="0"/>
        <line num="29" count="13" type="cond" truecount="2" falsecount="0"/>
        <line num="31" count="13" type="stmt"/>
        <line num="33" count="39" type="stmt"/>
        <line num="39" count="2" type="stmt"/>
      </file>
      <file name="Radiobutton.styles.ts" path="D:\DevEnv\project\landrik-ui\src\components\atoms\RadioButton\Radiobutton.styles.ts">
        <metrics statements="18" coveredstatements="18" conditionals="38" coveredconditionals="38" methods="11" coveredmethods="11"/>
        <line num="6" count="1" type="stmt"/>
        <line num="8" count="1" type="cond" truecount="2" falsecount="0"/>
        <line num="14" count="1" type="cond" truecount="2" falsecount="0"/>
        <line num="18" count="39" type="cond" truecount="2" falsecount="0"/>
        <line num="19" count="39" type="cond" truecount="2" falsecount="0"/>
        <line num="23" count="1" type="cond" truecount="2" falsecount="0"/>
        <line num="30" count="1" type="cond" truecount="2" falsecount="0"/>
        <line num="35" count="39" type="cond" truecount="4" falsecount="0"/>
        <line num="36" count="39" type="cond" truecount="4" falsecount="0"/>
        <line num="37" count="39" type="cond" truecount="2" falsecount="0"/>
        <line num="46" count="39" type="stmt"/>
        <line num="50" count="39" type="stmt"/>
        <line num="54" count="1" type="cond" truecount="2" falsecount="0"/>
        <line num="58" count="39" type="cond" truecount="4" falsecount="0"/>
        <line num="59" count="39" type="cond" truecount="4" falsecount="0"/>
        <line num="61" count="39" type="stmt"/>
        <line num="70" count="1" type="cond" truecount="2" falsecount="0"/>
        <line num="71" count="39" type="cond" truecount="4" falsecount="0"/>
      </file>
      <file name="index.ts" path="D:\DevEnv\project\landrik-ui\src\components\atoms\RadioButton\index.ts">
        <metrics statements="2" coveredstatements="0" conditionals="0" coveredconditionals="0" methods="0" coveredmethods="0"/>
        <line num="1" count="0" type="stmt"/>
        <line num="3" count="0" type="stmt"/>
      </file>
    </package>
    <package name="src.components.atoms.Select">
      <metrics statements="53" coveredstatements="51" conditionals="60" coveredconditionals="60" methods="22" coveredmethods="22"/>
      <file name="Select.styles.ts" path="D:\DevEnv\project\landrik-ui\src\components\atoms\Select\Select.styles.ts">
        <metrics statements="23" coveredstatements="23" conditionals="41" coveredconditionals="41" methods="13" coveredmethods="13"/>
        <line num="6" count="1" type="stmt"/>
        <line num="9" count="1" type="cond" truecount="2" falsecount="0"/>
        <line num="11" count="1" type="cond" truecount="2" falsecount="0"/>
        <line num="20" count="27" type="cond" truecount="4" falsecount="0"/>
        <line num="22" count="27" type="cond" truecount="3" falsecount="0"/>
        <line num="23" count="1" type="stmt"/>
        <line num="24" count="25" type="stmt"/>
        <line num="25" count="1" type="stmt"/>
        <line num="35" count="27" type="cond" truecount="2" falsecount="0"/>
        <line num="38" count="27" type="cond" truecount="2" falsecount="0"/>
        <line num="43" count="27" type="cond" truecount="2" falsecount="0"/>
        <line num="44" count="27" type="cond" truecount="2" falsecount="0"/>
        <line num="53" count="1" type="cond" truecount="2" falsecount="0"/>
        <line num="57" count="27" type="cond" truecount="2" falsecount="0"/>
        <line num="60" count="1" type="cond" truecount="2" falsecount="0"/>
        <line num="72" count="27" type="cond" truecount="2" falsecount="0"/>
        <line num="73" count="27" type="cond" truecount="2" falsecount="0"/>
        <line num="74" count="27" type="cond" truecount="2" falsecount="0"/>
        <line num="78" count="1" type="cond" truecount="2" falsecount="0"/>
        <line num="85" count="81" type="cond" truecount="2" falsecount="0"/>
        <line num="86" count="81" type="cond" truecount="2" falsecount="0"/>
        <line num="89" count="81" type="cond" truecount="2" falsecount="0"/>
        <line num="93" count="1" type="cond" truecount="2" falsecount="0"/>
      </file>
      <file name="Select.tsx" path="D:\DevEnv\project\landrik-ui\src\components\atoms\Select\Select.tsx">
        <metrics statements="28" coveredstatements="28" conditionals="19" coveredconditionals="19" methods="9" coveredmethods="9"/>
        <line num="1" count="1" type="stmt"/>
        <line num="2" count="1" type="stmt"/>
        <line num="4" count="1" type="stmt"/>
        <line num="154" count="1" type="stmt"/>
        <line num="155" count="27" type="stmt"/>
        <line num="156" count="27" type="stmt"/>
        <line num="157" count="27" type="stmt"/>
        <line num="158" count="27" type="cond" truecount="2" falsecount="0"/>
        <line num="159" count="27" type="cond" truecount="2" falsecount="0"/>
        <line num="160" count="27" type="stmt"/>
        <line num="161" count="27" type="cond" truecount="2" falsecount="0"/>
        <line num="162" count="27" type="cond" truecount="2" falsecount="0"/>
        <line num="165" count="27" type="stmt"/>
        <line num="166" count="27" type="stmt"/>
        <line num="168" count="78" type="stmt"/>
        <line num="170" count="27" type="stmt"/>
        <line num="171" count="18" type="stmt"/>
        <line num="172" count="1" type="cond" truecount="3" falsecount="0"/>
        <line num="173" count="1" type="stmt"/>
        <line num="178" count="18" type="stmt"/>
        <line num="179" count="18" type="stmt"/>
        <line num="184" count="27" type="stmt"/>
        <line num="185" count="2" type="stmt"/>
        <line num="186" count="2" type="stmt"/>
        <line num="189" count="27" type="stmt"/>
        <line num="198" count="6" type="cond" truecount="2" falsecount="0"/>
        <line num="207" count="81" type="stmt"/>
        <line num="212" count="2" type="stmt"/>
      </file>
      <file name="index.ts" path="D:\DevEnv\project\landrik-ui\src\components\atoms\Select\index.ts">
        <metrics statements="2" coveredstatements="0" conditionals="0" coveredconditionals="0" methods="0" coveredmethods="0"/>
        <line num="1" count="0" type="stmt"/>
        <line num="3" count="0" type="stmt"/>
      </file>
    </package>
    <package name="src.components.atoms.Tabs">
      <metrics statements="36" coveredstatements="36" conditionals="63" coveredconditionals="61" methods="17" coveredmethods="17"/>
      <file name="Tabs.styles.ts" path="D:\DevEnv\project\landrik-ui\src\components\atoms\Tabs\Tabs.styles.ts">
        <metrics statements="24" coveredstatements="24" conditionals="53" coveredconditionals="53" methods="13" coveredmethods="13"/>
        <line num="6" count="1" type="stmt"/>
        <line num="8" count="1" type="cond" truecount="2" falsecount="0"/>
        <line num="10" count="1" type="cond" truecount="2" falsecount="0"/>
        <line num="12" count="15" type="cond" truecount="2" falsecount="0"/>
        <line num="13" count="15" type="cond" truecount="2" falsecount="0"/>
        <line num="14" count="15" type="cond" truecount="2" falsecount="0"/>
        <line num="15" count="15" type="cond" truecount="2" falsecount="0"/>
        <line num="16" count="15" type="cond" truecount="2" falsecount="0"/>
        <line num="19" count="1" type="cond" truecount="2" falsecount="0"/>
        <line num="27" count="45" type="cond" truecount="3" falsecount="0"/>
        <line num="28" count="44" type="cond" truecount="3" falsecount="0"/>
        <line num="29" count="43" type="stmt"/>
        <line num="32" count="45" type="cond" truecount="3" falsecount="0"/>
        <line num="33" count="44" type="cond" truecount="1" falsecount="0"/>
        <line num="34" count="30" type="stmt"/>
        <line num="37" count="45" type="cond" truecount="2" falsecount="0"/>
        <line num="41" count="45" type="cond" truecount="4" falsecount="0"/>
        <line num="43" count="45" type="cond" truecount="4" falsecount="0"/>
        <line num="45" count="45" type="cond" truecount="3" falsecount="0"/>
        <line num="57" count="45" type="cond" truecount="4" falsecount="0"/>
        <line num="59" count="45" type="cond" truecount="3" falsecount="0"/>
        <line num="60" count="43" type="cond" truecount="3" falsecount="0"/>
        <line num="61" count="41" type="cond" truecount="2" falsecount="0"/>
        <line num="71" count="1" type="cond" truecount="2" falsecount="0"/>
      </file>
      <file name="Tabs.tsx" path="D:\DevEnv\project\landrik-ui\src\components\atoms\Tabs\Tabs.tsx">
        <metrics statements="12" coveredstatements="12" conditionals="10" coveredconditionals="8" methods="4" coveredmethods="4"/>
        <line num="1" count="1" type="stmt"/>
        <line num="2" count="1" type="stmt"/>
        <line num="20" count="1" type="stmt"/>
        <line num="21" count="15" type="stmt"/>
        <line num="22" count="15" type="stmt"/>
        <line num="23" count="15" type="stmt"/>
        <line num="24" count="15" type="cond" truecount="1" falsecount="1"/>
        <line num="25" count="15" type="cond" truecount="2" falsecount="0"/>
        <line num="28" count="18" type="cond" truecount="3" falsecount="1"/>
        <line num="30" count="15" type="stmt"/>
        <line num="33" count="45" type="stmt"/>
        <line num="41" count="2" type="stmt"/>
      </file>
    </package>
    <package name="src.components.atoms.TextField">
      <metrics statements="33" coveredstatements="30" conditionals="73" coveredconditionals="67" methods="12" coveredmethods="12"/>
      <file name="TextField.styles.ts" path="D:\DevEnv\project\landrik-ui\src\components\atoms\TextField\TextField.styles.ts">
        <metrics statements="22" coveredstatements="21" conditionals="32" coveredconditionals="31" methods="9" coveredmethods="9"/>
        <line num="1" count="1" type="stmt"/>
        <line num="5" count="1" type="cond" truecount="2" falsecount="0"/>
        <line num="13" count="1" type="cond" truecount="2" falsecount="0"/>
        <line num="19" count="1" type="cond" truecount="2" falsecount="0"/>
        <line num="31" count="20" type="cond" truecount="2" falsecount="0"/>
        <line num="35" count="20" type="cond" truecount="3" falsecount="1"/>
        <line num="36" count="1" type="stmt"/>
        <line num="37" count="18" type="stmt"/>
        <line num="38" count="1" type="stmt"/>
        <line num="39" count="0" type="stmt"/>
        <line num="44" count="20" type="cond" truecount="2" falsecount="0"/>
        <line num="45" count="20" type="cond" truecount="2" falsecount="0"/>
        <line num="48" count="20" type="cond" truecount="2" falsecount="0"/>
        <line num="53" count="1" type="cond" truecount="2" falsecount="0"/>
        <line num="66" count="1" type="cond" truecount="2" falsecount="0"/>
        <line num="70" count="2" type="stmt"/>
        <line num="71" count="2" type="cond" truecount="2" falsecount="0"/>
        <line num="72" count="2" type="cond" truecount="2" falsecount="0"/>
        <line num="75" count="1" type="cond" truecount="2" falsecount="0"/>
        <line num="79" count="4" type="stmt"/>
        <line num="82" count="1" type="cond" truecount="2" falsecount="0"/>
        <line num="99" count="1" type="cond" truecount="2" falsecount="0"/>
      </file>
      <file name="TextField.tsx" path="D:\DevEnv\project\landrik-ui\src\components\atoms\TextField\TextField.tsx">
        <metrics statements="9" coveredstatements="9" conditionals="41" coveredconditionals="36" methods="3" coveredmethods="3"/>
        <line num="1" count="1" type="stmt"/>
        <line num="3" count="1" type="stmt"/>
        <line num="5" count="1" type="stmt"/>
        <line num="43" count="20" type="cond" truecount="7" falsecount="3"/>
        <line num="45" count="20" type="stmt"/>
        <line num="46" count="20" type="cond" truecount="4" falsecount="0"/>
        <line num="48" count="20" type="stmt"/>
        <line num="69" count="1" type="stmt"/>
        <line num="80" count="3" type="stmt"/>
      </file>
      <file name="index.ts" path="D:\DevEnv\project\landrik-ui\src\components\atoms\TextField\index.ts">
        <metrics statements="2" coveredstatements="0" conditionals="0" coveredconditionals="0" methods="0" coveredmethods="0"/>
        <line num="1" count="0" type="stmt"/>
        <line num="3" count="0" type="stmt"/>
      </file>
    </package>
    <package name="src.components.utils">
      <metrics statements="13" coveredstatements="0" conditionals="5" coveredconditionals="0" methods="6" coveredmethods="0"/>
      <file name="stringUtils.tsx" path="D:\DevEnv\project\landrik-ui\src\components\utils\stringUtils.tsx">
        <metrics statements="3" coveredstatements="0" conditionals="2" coveredconditionals="0" methods="2" coveredmethods="0"/>
        <line num="12" count="0" type="stmt"/>
        <line num="13" count="0" type="cond" truecount="0" falsecount="2"/>
        <line num="16" count="0" type="stmt"/>
      </file>
      <file name="useOutsideClick.tsx" path="D:\DevEnv\project\landrik-ui\src\components\utils\useOutsideClick.tsx">
        <metrics statements="10" coveredstatements="0" conditionals="3" coveredconditionals="0" methods="4" coveredmethods="0"/>
        <line num="1" count="0" type="stmt"/>
        <line num="13" count="0" type="stmt"/>
        <line num="15" count="0" type="stmt"/>
        <line num="16" count="0" type="stmt"/>
        <line num="17" count="0" type="cond" truecount="0" falsecount="3"/>
        <line num="18" count="0" type="stmt"/>
        <line num="21" count="0" type="stmt"/>
        <line num="22" count="0" type="stmt"/>
        <line num="23" count="0" type="stmt"/>
        <line num="30" count="0" type="stmt"/>
      </file>
    </package>
  </project>
</coverage>
