{"D:\\DevEnv\\project\\landrik-ui\\src\\index.ts": {"path":"D:\\DevEnv\\project\\landrik-ui\\src\\index.ts","statementMap":{"0":{"start":{"line":1,"column":0},"end":{"line":1,"column":29}}},"fnMap":{},"branchMap":{},"s":{"0":0},"f":{},"b":{}}
,"D:\\DevEnv\\project\\landrik-ui\\src\\theme.ts": {"path":"D:\\DevEnv\\project\\landrik-ui\\src\\theme.ts","statementMap":{"0":{"start":{"line":1,"column":13},"end":{"line":90,"column":null}}},"fnMap":{},"branchMap":{},"s":{"0":0},"f":{},"b":{}}
,"D:\\DevEnv\\project\\landrik-ui\\src\\assets\\core\\tokens.ts": {"path":"D:\\DevEnv\\project\\landrik-ui\\src\\assets\\core\\tokens.ts","statementMap":{"0":{"start":{"line":1,"column":13},"end":{"line":7,"column":null}},"1":{"start":{"line":65,"column":13},"end":{"line":68,"column":2}},"2":{"start":{"line":70,"column":13},"end":{"line":76,"column":2}},"3":{"start":{"line":78,"column":13},"end":{"line":92,"column":2}},"4":{"start":{"line":94,"column":13},"end":{"line":107,"column":2}},"5":{"start":{"line":109,"column":13},"end":{"line":116,"column":2}},"6":{"start":{"line":118,"column":13},"end":{"line":140,"column":2}}},"fnMap":{},"branchMap":{},"s":{"0":4,"1":4,"2":4,"3":4,"4":4,"5":4,"6":4},"f":{},"b":{}}
,"D:\\DevEnv\\project\\landrik-ui\\src\\assets\\svgs\\icons.tsx": {"path":"D:\\DevEnv\\project\\landrik-ui\\src\\assets\\svgs\\icons.tsx","statementMap":{"0":{"start":{"line":1,"column":0},"end":{"line":1,"column":26}},"1":{"start":{"line":4,"column":13},"end":{"line":1477,"column":11}}},"fnMap":{},"branchMap":{},"s":{"0":4,"1":4},"f":{},"b":{}}
,"D:\\DevEnv\\project\\landrik-ui\\src\\components\\index.ts": {"path":"D:\\DevEnv\\project\\landrik-ui\\src\\components\\index.ts","statementMap":{"0":{"start":{"line":1,"column":0},"end":{"line":1,"column":9}},"1":{"start":{"line":1,"column":9},"end":{"line":1,"column":26}},"2":{"start":{"line":2,"column":0},"end":{"line":2,"column":9}},"3":{"start":{"line":2,"column":9},"end":{"line":2,"column":29}},"4":{"start":{"line":3,"column":0},"end":{"line":3,"column":9}},"5":{"start":{"line":3,"column":9},"end":{"line":3,"column":26}},"6":{"start":{"line":4,"column":0},"end":{"line":4,"column":9}},"7":{"start":{"line":4,"column":9},"end":{"line":4,"column":31}},"8":{"start":{"line":5,"column":0},"end":{"line":5,"column":9}},"9":{"start":{"line":5,"column":9},"end":{"line":5,"column":28}},"10":{"start":{"line":6,"column":0},"end":{"line":6,"column":9}},"11":{"start":{"line":6,"column":9},"end":{"line":6,"column":24}},"12":{"start":{"line":7,"column":0},"end":{"line":7,"column":9}},"13":{"start":{"line":7,"column":9},"end":{"line":7,"column":24}}},"fnMap":{"0":{"name":"(anonymous_1)","decl":{"start":{"line":1,"column":9},"end":{"line":1,"column":16}},"loc":{"start":{"line":1,"column":9},"end":{"line":1,"column":26}}},"1":{"name":"(anonymous_2)","decl":{"start":{"line":2,"column":9},"end":{"line":2,"column":16}},"loc":{"start":{"line":2,"column":9},"end":{"line":2,"column":29}}},"2":{"name":"(anonymous_3)","decl":{"start":{"line":3,"column":9},"end":{"line":3,"column":16}},"loc":{"start":{"line":3,"column":9},"end":{"line":3,"column":26}}},"3":{"name":"(anonymous_4)","decl":{"start":{"line":4,"column":9},"end":{"line":4,"column":16}},"loc":{"start":{"line":4,"column":9},"end":{"line":4,"column":31}}},"4":{"name":"(anonymous_5)","decl":{"start":{"line":5,"column":9},"end":{"line":5,"column":16}},"loc":{"start":{"line":5,"column":9},"end":{"line":5,"column":28}}},"5":{"name":"(anonymous_6)","decl":{"start":{"line":6,"column":9},"end":{"line":6,"column":16}},"loc":{"start":{"line":6,"column":9},"end":{"line":6,"column":24}}},"6":{"name":"(anonymous_7)","decl":{"start":{"line":7,"column":9},"end":{"line":7,"column":16}},"loc":{"start":{"line":7,"column":9},"end":{"line":7,"column":24}}}},"branchMap":{},"s":{"0":0,"1":0,"2":0,"3":0,"4":0,"5":0,"6":0,"7":0,"8":0,"9":0,"10":0,"11":0,"12":0,"13":0},"f":{"0":0,"1":0,"2":0,"3":0,"4":0,"5":0,"6":0},"b":{}}
,"D:\\DevEnv\\project\\landrik-ui\\src\\components\\atoms\\Button\\Button.styles.ts": {"path":"D:\\DevEnv\\project\\landrik-ui\\src\\components\\atoms\\Button\\Button.styles.ts","statementMap":{"0":{"start":{"line":1,"column":0},"end":{"line":1,"column":57}},"1":{"start":{"line":4,"column":13},"end":{"line":8,"column":2}},"2":{"start":{"line":10,"column":13},"end":{"line":180,"column":null}},"3":{"start":{"line":27,"column":20},"end":{"line":27,"column":null}},"4":{"start":{"line":31,"column":4},"end":{"line":70,"column":5}},"5":{"start":{"line":32,"column":8},"end":{"line":49,"column":7}},"6":{"start":{"line":34,"column":10},"end":{"line":37,"column":12}},"7":{"start":{"line":39,"column":10},"end":{"line":42,"column":12}},"8":{"start":{"line":45,"column":10},"end":{"line":48,"column":12}},"9":{"start":{"line":52,"column":6},"end":{"line":69,"column":7}},"10":{"start":{"line":54,"column":10},"end":{"line":57,"column":12}},"11":{"start":{"line":59,"column":10},"end":{"line":62,"column":12}},"12":{"start":{"line":65,"column":10},"end":{"line":68,"column":12}},"13":{"start":{"line":75,"column":4},"end":{"line":80,"column":5}},"14":{"start":{"line":76,"column":19},"end":{"line":76,"column":34}},"15":{"start":{"line":77,"column":22},"end":{"line":77,"column":35}},"16":{"start":{"line":78,"column":21},"end":{"line":78,"column":34}},"17":{"start":{"line":79,"column":15},"end":{"line":79,"column":28}},"18":{"start":{"line":85,"column":4},"end":{"line":164,"column":5}},"19":{"start":{"line":87,"column":8},"end":{"line":101,"column":10}},"20":{"start":{"line":103,"column":8},"end":{"line":117,"column":10}},"21":{"start":{"line":119,"column":8},"end":{"line":131,"column":10}},"22":{"start":{"line":133,"column":8},"end":{"line":145,"column":10}},"23":{"start":{"line":147,"column":8},"end":{"line":161,"column":10}},"24":{"start":{"line":163,"column":8},"end":{"line":163,"column":18}},"25":{"start":{"line":175,"column":6},"end":{"line":179,"column":7}},"26":{"start":{"line":176,"column":23},"end":{"line":176,"column":40}},"27":{"start":{"line":177,"column":22},"end":{"line":177,"column":39}},"28":{"start":{"line":178,"column":17},"end":{"line":178,"column":34}},"29":{"start":{"line":184,"column":13},"end":{"line":193,"column":null}},"30":{"start":{"line":187,"column":13},"end":{"line":193,"column":null}}},"fnMap":{"0":{"name":"(anonymous_2)","decl":{"start":{"line":27,"column":11},"end":{"line":27,"column":16}},"loc":{"start":{"line":27,"column":16},"end":{"line":27,"column":25}}},"1":{"name":"(anonymous_3)","decl":{"start":{"line":30,"column":4},"end":{"line":30,"column":9}},"loc":{"start":{"line":30,"column":9},"end":{"line":71,"column":3}}},"2":{"name":"(anonymous_4)","decl":{"start":{"line":74,"column":19},"end":{"line":74,"column":24}},"loc":{"start":{"line":74,"column":24},"end":{"line":81,"column":3}}},"3":{"name":"(anonymous_5)","decl":{"start":{"line":84,"column":4},"end":{"line":84,"column":9}},"loc":{"start":{"line":84,"column":9},"end":{"line":165,"column":3}}},"4":{"name":"(anonymous_6)","decl":{"start":{"line":174,"column":28},"end":{"line":174,"column":33}},"loc":{"start":{"line":174,"column":33},"end":{"line":180,"column":5}}},"5":{"name":"(anonymous_7)","decl":{"start":{"line":187,"column":4},"end":{"line":187,"column":9}},"loc":{"start":{"line":187,"column":9},"end":{"line":187,"column":18}}}},"branchMap":{"0":{"loc":{"start":{"line":4,"column":35},"end":{"line":8,"column":2}},"type":"binary-expr","locations":[{"start":{"line":4,"column":35},"end":{"line":4,"column":null}},{"start":{"line":4,"column":35},"end":{"line":8,"column":2}}]},"1":{"loc":{"start":{"line":10,"column":41},"end":{"line":182,"column":2}},"type":"binary-expr","locations":[{"start":{"line":10,"column":41},"end":{"line":10,"column":null}},{"start":{"line":10,"column":41},"end":{"line":182,"column":2}}]},"2":{"loc":{"start":{"line":27,"column":20},"end":{"line":27,"column":54}},"type":"cond-expr","locations":[{"start":{"line":27,"column":39},"end":{"line":27,"column":45}},{"start":{"line":27,"column":48},"end":{"line":27,"column":54}}]},"3":{"loc":{"start":{"line":31,"column":4},"end":{"line":70,"column":5}},"type":"if","locations":[{"start":{"line":31,"column":4},"end":{"line":70,"column":5}},{"start":{"line":51,"column":9},"end":{"line":70,"column":5}}]},"4":{"loc":{"start":{"line":32,"column":8},"end":{"line":49,"column":7}},"type":"switch","locations":[{"start":{"line":33,"column":8},"end":{"line":37,"column":12}},{"start":{"line":38,"column":8},"end":{"line":42,"column":12}},{"start":{"line":43,"column":8},"end":{"line":43,"column":18}},{"start":{"line":44,"column":8},"end":{"line":48,"column":12}}]},"5":{"loc":{"start":{"line":52,"column":6},"end":{"line":69,"column":7}},"type":"switch","locations":[{"start":{"line":53,"column":8},"end":{"line":57,"column":12}},{"start":{"line":58,"column":8},"end":{"line":62,"column":12}},{"start":{"line":63,"column":8},"end":{"line":63,"column":18}},{"start":{"line":64,"column":8},"end":{"line":68,"column":12}}]},"6":{"loc":{"start":{"line":75,"column":4},"end":{"line":80,"column":5}},"type":"switch","locations":[{"start":{"line":76,"column":6},"end":{"line":76,"column":34}},{"start":{"line":77,"column":6},"end":{"line":77,"column":35}},{"start":{"line":78,"column":6},"end":{"line":78,"column":34}},{"start":{"line":79,"column":6},"end":{"line":79,"column":28}}]},"7":{"loc":{"start":{"line":85,"column":4},"end":{"line":164,"column":5}},"type":"switch","locations":[{"start":{"line":86,"column":6},"end":{"line":101,"column":10}},{"start":{"line":102,"column":6},"end":{"line":117,"column":10}},{"start":{"line":118,"column":6},"end":{"line":131,"column":10}},{"start":{"line":132,"column":6},"end":{"line":145,"column":10}},{"start":{"line":146,"column":6},"end":{"line":161,"column":10}},{"start":{"line":162,"column":6},"end":{"line":163,"column":18}}]},"8":{"loc":{"start":{"line":175,"column":6},"end":{"line":179,"column":7}},"type":"switch","locations":[{"start":{"line":176,"column":8},"end":{"line":176,"column":40}},{"start":{"line":177,"column":8},"end":{"line":177,"column":39}},{"start":{"line":178,"column":8},"end":{"line":178,"column":34}}]},"9":{"loc":{"start":{"line":184,"column":38},"end":{"line":194,"column":2}},"type":"binary-expr","locations":[{"start":{"line":184,"column":38},"end":{"line":184,"column":63}},{"start":{"line":184,"column":38},"end":{"line":194,"column":2}}]},"10":{"loc":{"start":{"line":187,"column":13},"end":{"line":187,"column":null}},"type":"binary-expr","locations":[{"start":{"line":187,"column":13},"end":{"line":187,"column":28}},{"start":{"line":187,"column":32},"end":{"line":187,"column":null}}]}},"s":{"0":1,"1":1,"2":1,"3":27,"4":27,"5":3,"6":1,"7":0,"8":2,"9":24,"10":1,"11":1,"12":22,"13":27,"14":1,"15":25,"16":1,"17":0,"18":27,"19":23,"20":1,"21":1,"22":1,"23":1,"24":0,"25":27,"26":1,"27":1,"28":25,"29":1,"30":10},"f":{"0":27,"1":27,"2":27,"3":27,"4":27,"5":10},"b":{"0":[1,1],"1":[1,1],"2":[1,26],"3":[3,24],"4":[1,0,2,2],"5":[1,1,22,22],"6":[1,25,1,0],"7":[23,1,1,1,1,0],"8":[1,1,25],"9":[1,1],"10":[10,4]}}
,"D:\\DevEnv\\project\\landrik-ui\\src\\components\\atoms\\Button\\Button.tsx": {"path":"D:\\DevEnv\\project\\landrik-ui\\src\\components\\atoms\\Button\\Button.tsx","statementMap":{"0":{"start":{"line":1,"column":0},"end":{"line":1,"column":34}},"1":{"start":{"line":2,"column":0},"end":{"line":2,"column":60}},"2":{"start":{"line":6,"column":0},"end":{"line":6,"column":28}},"3":{"start":{"line":35,"column":31},"end":{"line":80,"column":1}},"4":{"start":{"line":36,"column":2},"end":{"line":36,"column":6}},"5":{"start":{"line":36,"column":6},"end":{"line":36,"column":null}},"6":{"start":{"line":37,"column":17},"end":{"line":37,"column":null}},"7":{"start":{"line":38,"column":11},"end":{"line":38,"column":null}},"8":{"start":{"line":39,"column":2},"end":{"line":39,"column":10}},"9":{"start":{"line":39,"column":10},"end":{"line":39,"column":null}},"10":{"start":{"line":40,"column":2},"end":{"line":40,"column":11}},"11":{"start":{"line":40,"column":11},"end":{"line":40,"column":null}},"12":{"start":{"line":41,"column":2},"end":{"line":41,"column":10}},"13":{"start":{"line":41,"column":10},"end":{"line":41,"column":null}},"14":{"start":{"line":42,"column":2},"end":{"line":42,"column":9}},"15":{"start":{"line":42,"column":9},"end":{"line":42,"column":null}},"16":{"start":{"line":43,"column":2},"end":{"line":43,"column":9}},"17":{"start":{"line":43,"column":9},"end":{"line":43,"column":null}},"18":{"start":{"line":44,"column":2},"end":{"line":44,"column":10}},"19":{"start":{"line":44,"column":10},"end":{"line":44,"column":null}},"20":{"start":{"line":45,"column":2},"end":{"line":45,"column":7}},"21":{"start":{"line":45,"column":7},"end":{"line":45,"column":null}},"22":{"start":{"line":46,"column":6},"end":{"line":46,"column":null}},"23":{"start":{"line":47,"column":2},"end":{"line":47,"column":14}},"24":{"start":{"line":47,"column":14},"end":{"line":47,"column":null}},"25":{"start":{"line":48,"column":2},"end":{"line":48,"column":10}},"26":{"start":{"line":48,"column":10},"end":{"line":48,"column":null}},"27":{"start":{"line":49,"column":9},"end":{"line":49,"column":null}},"28":{"start":{"line":50,"column":10},"end":{"line":51,"column":null}},"29":{"start":{"line":55,"column":19},"end":{"line":55,"column":63}},"30":{"start":{"line":56,"column":19},"end":{"line":56,"column":35}},"31":{"start":{"line":57,"column":21},"end":{"line":57,"column":52}},"32":{"start":{"line":59,"column":2},"end":{"line":79,"column":null}},"33":{"start":{"line":82,"column":0},"end":{"line":82,"column":22}}},"fnMap":{"0":{"name":"(anonymous_4)","decl":{"start":{"line":35,"column":31},"end":{"line":35,"column":32}},"loc":{"start":{"line":51,"column":1},"end":{"line":80,"column":1}}}},"branchMap":{"0":{"loc":{"start":{"line":36,"column":6},"end":{"line":36,"column":null}},"type":"cond-expr","locations":[{"start":{"line":36,"column":9},"end":{"line":36,"column":13}},{"start":{"line":36,"column":13},"end":{"line":36,"column":null}}]},"1":{"loc":{"start":{"line":39,"column":10},"end":{"line":39,"column":null}},"type":"cond-expr","locations":[{"start":{"line":39,"column":13},"end":{"line":39,"column":31}},{"start":{"line":39,"column":31},"end":{"line":39,"column":null}}]},"2":{"loc":{"start":{"line":40,"column":11},"end":{"line":40,"column":null}},"type":"cond-expr","locations":[{"start":{"line":40,"column":14},"end":{"line":40,"column":19}},{"start":{"line":40,"column":19},"end":{"line":40,"column":null}}]},"3":{"loc":{"start":{"line":41,"column":10},"end":{"line":41,"column":null}},"type":"cond-expr","locations":[{"start":{"line":41,"column":13},"end":{"line":41,"column":18}},{"start":{"line":41,"column":18},"end":{"line":41,"column":null}}]},"4":{"loc":{"start":{"line":42,"column":9},"end":{"line":42,"column":null}},"type":"cond-expr","locations":[{"start":{"line":42,"column":12},"end":{"line":42,"column":17}},{"start":{"line":42,"column":17},"end":{"line":42,"column":null}}]},"5":{"loc":{"start":{"line":43,"column":9},"end":{"line":43,"column":null}},"type":"cond-expr","locations":[{"start":{"line":43,"column":12},"end":{"line":43,"column":21}},{"start":{"line":43,"column":21},"end":{"line":43,"column":null}}]},"6":{"loc":{"start":{"line":44,"column":10},"end":{"line":44,"column":null}},"type":"cond-expr","locations":[{"start":{"line":44,"column":13},"end":{"line":44,"column":21}},{"start":{"line":44,"column":21},"end":{"line":44,"column":null}}]},"7":{"loc":{"start":{"line":45,"column":7},"end":{"line":45,"column":null}},"type":"cond-expr","locations":[{"start":{"line":45,"column":10},"end":{"line":45,"column":19}},{"start":{"line":45,"column":19},"end":{"line":45,"column":null}}]},"8":{"loc":{"start":{"line":47,"column":14},"end":{"line":47,"column":null}},"type":"cond-expr","locations":[{"start":{"line":47,"column":17},"end":{"line":47,"column":23}},{"start":{"line":47,"column":23},"end":{"line":47,"column":null}}]},"9":{"loc":{"start":{"line":48,"column":10},"end":{"line":48,"column":null}},"type":"cond-expr","locations":[{"start":{"line":48,"column":13},"end":{"line":48,"column":18}},{"start":{"line":48,"column":18},"end":{"line":48,"column":null}}]},"10":{"loc":{"start":{"line":55,"column":19},"end":{"line":55,"column":63}},"type":"cond-expr","locations":[{"start":{"line":55,"column":35},"end":{"line":55,"column":37}},{"start":{"line":55,"column":40},"end":{"line":55,"column":63}}]},"11":{"loc":{"start":{"line":55,"column":40},"end":{"line":55,"column":63}},"type":"cond-expr","locations":[{"start":{"line":55,"column":56},"end":{"line":55,"column":58}},{"start":{"line":55,"column":61},"end":{"line":55,"column":63}}]},"12":{"loc":{"start":{"line":56,"column":19},"end":{"line":56,"column":35}},"type":"binary-expr","locations":[{"start":{"line":56,"column":19},"end":{"line":56,"column":27}},{"start":{"line":56,"column":31},"end":{"line":56,"column":35}}]},"13":{"loc":{"start":{"line":57,"column":21},"end":{"line":57,"column":52}},"type":"binary-expr","locations":[{"start":{"line":57,"column":21},"end":{"line":57,"column":29}},{"start":{"line":57,"column":34},"end":{"line":57,"column":43}},{"start":{"line":57,"column":47},"end":{"line":57,"column":51}}]},"14":{"loc":{"start":{"line":67,"column":16},"end":{"line":67,"column":35}},"type":"binary-expr","locations":[{"start":{"line":67,"column":16},"end":{"line":67,"column":24}},{"start":{"line":67,"column":28},"end":{"line":67,"column":35}}]},"15":{"loc":{"start":{"line":69,"column":18},"end":{"line":69,"column":81}},"type":"cond-expr","locations":[{"start":{"line":69,"column":61},"end":{"line":69,"column":69}},{"start":{"line":69,"column":72},"end":{"line":69,"column":81}}]},"16":{"loc":{"start":{"line":69,"column":18},"end":{"line":69,"column":58}},"type":"binary-expr","locations":[{"start":{"line":69,"column":18},"end":{"line":69,"column":26}},{"start":{"line":69,"column":30},"end":{"line":69,"column":58}}]},"17":{"loc":{"start":{"line":73,"column":8},"end":{"line":73,"column":94}},"type":"binary-expr","locations":[{"start":{"line":73,"column":8},"end":{"line":73,"column":15}},{"start":{"line":73,"column":20},"end":{"line":73,"column":93}}]},"18":{"loc":{"start":{"line":74,"column":8},"end":{"line":74,"column":111}},"type":"binary-expr","locations":[{"start":{"line":74,"column":8},"end":{"line":74,"column":19}},{"start":{"line":74,"column":23},"end":{"line":74,"column":31}},{"start":{"line":74,"column":35},"end":{"line":74,"column":58}},{"start":{"line":74,"column":63},"end":{"line":74,"column":110}}]},"19":{"loc":{"start":{"line":75,"column":41},"end":{"line":75,"column":124}},"type":"cond-expr","locations":[{"start":{"line":75,"column":66},"end":{"line":75,"column":113}},{"start":{"line":75,"column":116},"end":{"line":75,"column":124}}]},"20":{"loc":{"start":{"line":75,"column":41},"end":{"line":75,"column":63}},"type":"binary-expr","locations":[{"start":{"line":75,"column":41},"end":{"line":75,"column":51}},{"start":{"line":75,"column":55},"end":{"line":75,"column":63}}]},"21":{"loc":{"start":{"line":76,"column":7},"end":{"line":76,"column":111}},"type":"binary-expr","locations":[{"start":{"line":76,"column":7},"end":{"line":76,"column":18}},{"start":{"line":76,"column":22},"end":{"line":76,"column":30}},{"start":{"line":76,"column":34},"end":{"line":76,"column":58}},{"start":{"line":76,"column":63},"end":{"line":76,"column":110}}]}},"s":{"0":1,"1":1,"2":1,"3":1,"4":27,"5":27,"6":27,"7":27,"8":27,"9":27,"10":27,"11":27,"12":27,"13":27,"14":27,"15":27,"16":27,"17":27,"18":27,"19":27,"20":27,"21":27,"22":27,"23":27,"24":27,"25":27,"26":27,"27":27,"28":27,"29":27,"30":27,"31":27,"32":27,"33":1},"f":{"0":27},"b":{"0":[23,4],"1":[2,25],"2":[26,1],"3":[25,2],"4":[23,4],"5":[22,5],"6":[27,0],"7":[24,3],"8":[26,1],"9":[24,3],"10":[2,25],"11":[1,24],"12":[27,23],"13":[27,24,0],"14":[27,25],"15":[3,24],"16":[27,3],"17":[27,4],"18":[27,24,3,2],"19":[3,24],"20":[27,3],"21":[27,24,3,1]}}
,"D:\\DevEnv\\project\\landrik-ui\\src\\components\\atoms\\Button\\index.ts": {"path":"D:\\DevEnv\\project\\landrik-ui\\src\\components\\atoms\\Button\\index.ts","statementMap":{"0":{"start":{"line":1,"column":0},"end":{"line":1,"column":30}},"1":{"start":{"line":3,"column":0},"end":{"line":3,"column":22}}},"fnMap":{},"branchMap":{},"s":{"0":0,"1":0},"f":{},"b":{}}
,"D:\\DevEnv\\project\\landrik-ui\\src\\components\\atoms\\CheckBox\\CheckBox.styles.ts": {"path":"D:\\DevEnv\\project\\landrik-ui\\src\\components\\atoms\\CheckBox\\CheckBox.styles.ts","statementMap":{"0":{"start":{"line":6,"column":0},"end":{"line":6,"column":39}},"1":{"start":{"line":8,"column":13},"end":{"line":13,"column":null}},"2":{"start":{"line":12,"column":21},"end":{"line":12,"column":null}},"3":{"start":{"line":13,"column":22},"end":{"line":13,"column":null}},"4":{"start":{"line":17,"column":13},"end":{"line":22,"column":2}},"5":{"start":{"line":24,"column":13},"end":{"line":45,"column":null}},"6":{"start":{"line":30,"column":20},"end":{"line":30,"column":null}},"7":{"start":{"line":31,"column":21},"end":{"line":31,"column":null}},"8":{"start":{"line":32,"column":31},"end":{"line":32,"column":null}},"9":{"start":{"line":38,"column":25},"end":{"line":38,"column":null}},"10":{"start":{"line":41,"column":29},"end":{"line":41,"column":null}},"11":{"start":{"line":45,"column":37},"end":{"line":45,"column":null}},"12":{"start":{"line":49,"column":13},"end":{"line":55,"column":null}},"13":{"start":{"line":54,"column":22},"end":{"line":54,"column":null}},"14":{"start":{"line":55,"column":30},"end":{"line":55,"column":null}},"15":{"start":{"line":59,"column":13},"end":{"line":60,"column":null}},"16":{"start":{"line":60,"column":24},"end":{"line":60,"column":null}}},"fnMap":{"0":{"name":"(anonymous_2)","decl":{"start":{"line":12,"column":12},"end":{"line":12,"column":17}},"loc":{"start":{"line":12,"column":17},"end":{"line":12,"column":26}}},"1":{"name":"(anonymous_3)","decl":{"start":{"line":13,"column":13},"end":{"line":13,"column":18}},"loc":{"start":{"line":13,"column":18},"end":{"line":13,"column":27}}},"2":{"name":"(anonymous_4)","decl":{"start":{"line":30,"column":11},"end":{"line":30,"column":16}},"loc":{"start":{"line":30,"column":16},"end":{"line":30,"column":25}}},"3":{"name":"(anonymous_5)","decl":{"start":{"line":31,"column":12},"end":{"line":31,"column":17}},"loc":{"start":{"line":31,"column":17},"end":{"line":31,"column":26}}},"4":{"name":"(anonymous_6)","decl":{"start":{"line":32,"column":22},"end":{"line":32,"column":27}},"loc":{"start":{"line":32,"column":27},"end":{"line":32,"column":32}}},"5":{"name":"(anonymous_7)","decl":{"start":{"line":38,"column":16},"end":{"line":38,"column":21}},"loc":{"start":{"line":38,"column":21},"end":{"line":38,"column":26}}},"6":{"name":"(anonymous_8)","decl":{"start":{"line":41,"column":20},"end":{"line":41,"column":25}},"loc":{"start":{"line":41,"column":25},"end":{"line":41,"column":34}}},"7":{"name":"(anonymous_9)","decl":{"start":{"line":45,"column":28},"end":{"line":45,"column":33}},"loc":{"start":{"line":45,"column":33},"end":{"line":45,"column":40}}},"8":{"name":"(anonymous_10)","decl":{"start":{"line":54,"column":13},"end":{"line":54,"column":18}},"loc":{"start":{"line":54,"column":18},"end":{"line":54,"column":27}}},"9":{"name":"(anonymous_11)","decl":{"start":{"line":55,"column":21},"end":{"line":55,"column":26}},"loc":{"start":{"line":55,"column":26},"end":{"line":55,"column":35}}},"10":{"name":"(anonymous_12)","decl":{"start":{"line":60,"column":15},"end":{"line":60,"column":20}},"loc":{"start":{"line":60,"column":20},"end":{"line":60,"column":29}}}},"branchMap":{"0":{"loc":{"start":{"line":8,"column":43},"end":{"line":15,"column":2}},"type":"binary-expr","locations":[{"start":{"line":8,"column":43},"end":{"line":8,"column":68}},{"start":{"line":8,"column":43},"end":{"line":15,"column":2}}]},"1":{"loc":{"start":{"line":12,"column":21},"end":{"line":12,"column":64}},"type":"cond-expr","locations":[{"start":{"line":12,"column":39},"end":{"line":12,"column":52}},{"start":{"line":12,"column":55},"end":{"line":12,"column":64}}]},"2":{"loc":{"start":{"line":13,"column":22},"end":{"line":13,"column":47}},"type":"cond-expr","locations":[{"start":{"line":13,"column":40},"end":{"line":13,"column":43}},{"start":{"line":13,"column":46},"end":{"line":13,"column":47}}]},"3":{"loc":{"start":{"line":17,"column":70},"end":{"line":22,"column":2}},"type":"binary-expr","locations":[{"start":{"line":17,"column":70},"end":{"line":17,"column":null}},{"start":{"line":17,"column":70},"end":{"line":22,"column":2}}]},"4":{"loc":{"start":{"line":24,"column":40},"end":{"line":47,"column":2}},"type":"binary-expr","locations":[{"start":{"line":24,"column":40},"end":{"line":24,"column":null}},{"start":{"line":24,"column":40},"end":{"line":47,"column":2}}]},"5":{"loc":{"start":{"line":30,"column":20},"end":{"line":30,"column":90}},"type":"cond-expr","locations":[{"start":{"line":30,"column":43},"end":{"line":30,"column":49}},{"start":{"line":30,"column":52},"end":{"line":30,"column":90}}]},"6":{"loc":{"start":{"line":30,"column":52},"end":{"line":30,"column":90}},"type":"cond-expr","locations":[{"start":{"line":30,"column":75},"end":{"line":30,"column":81}},{"start":{"line":30,"column":84},"end":{"line":30,"column":90}}]},"7":{"loc":{"start":{"line":31,"column":21},"end":{"line":31,"column":91}},"type":"cond-expr","locations":[{"start":{"line":31,"column":44},"end":{"line":31,"column":50}},{"start":{"line":31,"column":53},"end":{"line":31,"column":91}}]},"8":{"loc":{"start":{"line":31,"column":53},"end":{"line":31,"column":91}},"type":"cond-expr","locations":[{"start":{"line":31,"column":76},"end":{"line":31,"column":82}},{"start":{"line":31,"column":85},"end":{"line":31,"column":91}}]},"9":{"loc":{"start":{"line":32,"column":31},"end":{"line":32,"column":98}},"type":"cond-expr","locations":[{"start":{"line":32,"column":74},"end":{"line":32,"column":86}},{"start":{"line":32,"column":89},"end":{"line":32,"column":98}}]},"10":{"loc":{"start":{"line":32,"column":32},"end":{"line":32,"column":70}},"type":"binary-expr","locations":[{"start":{"line":32,"column":32},"end":{"line":32,"column":46}},{"start":{"line":32,"column":50},"end":{"line":32,"column":70}}]},"11":{"loc":{"start":{"line":38,"column":25},"end":{"line":38,"column":90}},"type":"cond-expr","locations":[{"start":{"line":38,"column":68},"end":{"line":38,"column":80}},{"start":{"line":38,"column":83},"end":{"line":38,"column":90}}]},"12":{"loc":{"start":{"line":38,"column":26},"end":{"line":38,"column":64}},"type":"binary-expr","locations":[{"start":{"line":38,"column":26},"end":{"line":38,"column":40}},{"start":{"line":38,"column":44},"end":{"line":38,"column":64}}]},"13":{"loc":{"start":{"line":49,"column":35},"end":{"line":57,"column":2}},"type":"binary-expr","locations":[{"start":{"line":49,"column":35},"end":{"line":49,"column":85}},{"start":{"line":49,"column":35},"end":{"line":57,"column":2}}]},"14":{"loc":{"start":{"line":54,"column":22},"end":{"line":54,"column":44}},"type":"cond-expr","locations":[{"start":{"line":54,"column":39},"end":{"line":54,"column":40}},{"start":{"line":54,"column":43},"end":{"line":54,"column":44}}]},"15":{"loc":{"start":{"line":55,"column":30},"end":{"line":55,"column":54}},"type":"cond-expr","locations":[{"start":{"line":55,"column":47},"end":{"line":55,"column":48}},{"start":{"line":55,"column":51},"end":{"line":55,"column":54}}]},"16":{"loc":{"start":{"line":59,"column":40},"end":{"line":62,"column":2}},"type":"binary-expr","locations":[{"start":{"line":59,"column":40},"end":{"line":59,"column":71}},{"start":{"line":59,"column":40},"end":{"line":62,"column":2}}]},"17":{"loc":{"start":{"line":60,"column":24},"end":{"line":60,"column":94}},"type":"cond-expr","locations":[{"start":{"line":60,"column":47},"end":{"line":60,"column":53}},{"start":{"line":60,"column":56},"end":{"line":60,"column":94}}]},"18":{"loc":{"start":{"line":60,"column":56},"end":{"line":60,"column":94}},"type":"cond-expr","locations":[{"start":{"line":60,"column":79},"end":{"line":60,"column":85}},{"start":{"line":60,"column":88},"end":{"line":60,"column":94}}]}},"s":{"0":1,"1":1,"2":15,"3":15,"4":1,"5":1,"6":15,"7":15,"8":15,"9":15,"10":15,"11":15,"12":1,"13":15,"14":15,"15":1,"16":3},"f":{"0":15,"1":15,"2":15,"3":15,"4":15,"5":15,"6":15,"7":15,"8":15,"9":15,"10":3},"b":{"0":[1,1],"1":[3,12],"2":[3,12],"3":[1,1],"4":[1,1],"5":[1,14],"6":[1,13],"7":[1,14],"8":[1,13],"9":[4,11],"10":[15,12],"11":[4,11],"12":[15,12],"13":[1,1],"14":[4,11],"15":[4,11],"16":[1,1],"17":[0,3],"18":[0,3]}}
,"D:\\DevEnv\\project\\landrik-ui\\src\\components\\atoms\\CheckBox\\CheckBox.tsx": {"path":"D:\\DevEnv\\project\\landrik-ui\\src\\components\\atoms\\CheckBox\\CheckBox.tsx","statementMap":{"0":{"start":{"line":2,"column":0},"end":{"line":2,"column":33}},"1":{"start":{"line":3,"column":0},"end":{"line":3,"column":28}},"2":{"start":{"line":7,"column":0},"end":{"line":7,"column":108}},"3":{"start":{"line":19,"column":49},"end":{"line":50,"column":1}},"4":{"start":{"line":20,"column":7},"end":{"line":20,"column":null}},"5":{"start":{"line":21,"column":9},"end":{"line":21,"column":null}},"6":{"start":{"line":22,"column":10},"end":{"line":22,"column":null}},"7":{"start":{"line":23,"column":2},"end":{"line":23,"column":10}},"8":{"start":{"line":23,"column":10},"end":{"line":23,"column":null}},"9":{"start":{"line":24,"column":2},"end":{"line":24,"column":15}},"10":{"start":{"line":24,"column":15},"end":{"line":24,"column":null}},"11":{"start":{"line":25,"column":2},"end":{"line":25,"column":7}},"12":{"start":{"line":25,"column":7},"end":{"line":25,"column":null}},"13":{"start":{"line":26,"column":2},"end":{"line":26,"column":6}},"14":{"start":{"line":26,"column":6},"end":{"line":26,"column":null}},"15":{"start":{"line":28,"column":19},"end":{"line":28,"column":63}},"16":{"start":{"line":30,"column":2},"end":{"line":49,"column":4}},"17":{"start":{"line":34,"column":25},"end":{"line":34,"column":null}},"18":{"start":{"line":19,"column":13},"end":{"line":19,"column":49}}},"fnMap":{"0":{"name":"(anonymous_1)","decl":{"start":{"line":19,"column":49},"end":{"line":19,"column":50}},"loc":{"start":{"line":27,"column":1},"end":{"line":50,"column":1}}},"1":{"name":"(anonymous_2)","decl":{"start":{"line":34,"column":18},"end":{"line":34,"column":19}},"loc":{"start":{"line":34,"column":20},"end":{"line":34,"column":33}}}},"branchMap":{"0":{"loc":{"start":{"line":23,"column":10},"end":{"line":23,"column":null}},"type":"cond-expr","locations":[{"start":{"line":23,"column":13},"end":{"line":23,"column":18}},{"start":{"line":23,"column":18},"end":{"line":23,"column":null}}]},"1":{"loc":{"start":{"line":24,"column":15},"end":{"line":24,"column":null}},"type":"cond-expr","locations":[{"start":{"line":24,"column":18},"end":{"line":24,"column":23}},{"start":{"line":24,"column":23},"end":{"line":24,"column":null}}]},"2":{"loc":{"start":{"line":25,"column":7},"end":{"line":25,"column":null}},"type":"cond-expr","locations":[{"start":{"line":25,"column":10},"end":{"line":25,"column":19}},{"start":{"line":25,"column":19},"end":{"line":25,"column":null}}]},"3":{"loc":{"start":{"line":26,"column":6},"end":{"line":26,"column":null}},"type":"cond-expr","locations":[{"start":{"line":26,"column":9},"end":{"line":26,"column":13}},{"start":{"line":26,"column":13},"end":{"line":26,"column":null}}]},"4":{"loc":{"start":{"line":28,"column":19},"end":{"line":28,"column":63}},"type":"cond-expr","locations":[{"start":{"line":28,"column":35},"end":{"line":28,"column":37}},{"start":{"line":28,"column":40},"end":{"line":28,"column":63}}]},"5":{"loc":{"start":{"line":28,"column":40},"end":{"line":28,"column":63}},"type":"cond-expr","locations":[{"start":{"line":28,"column":56},"end":{"line":28,"column":58}},{"start":{"line":28,"column":61},"end":{"line":28,"column":63}}]},"6":{"loc":{"start":{"line":43,"column":29},"end":{"line":43,"column":53}},"type":"binary-expr","locations":[{"start":{"line":43,"column":29},"end":{"line":43,"column":42}},{"start":{"line":43,"column":46},"end":{"line":43,"column":53}}]},"7":{"loc":{"start":{"line":44,"column":11},"end":{"line":44,"column":113}},"type":"cond-expr","locations":[{"start":{"line":44,"column":27},"end":{"line":44,"column":70}},{"start":{"line":44,"column":73},"end":{"line":44,"column":113}}]},"8":{"loc":{"start":{"line":47,"column":7},"end":{"line":47,"column":67}},"type":"binary-expr","locations":[{"start":{"line":47,"column":7},"end":{"line":47,"column":12}},{"start":{"line":47,"column":16},"end":{"line":47,"column":67}}]}},"s":{"0":1,"1":1,"2":1,"3":1,"4":15,"5":15,"6":15,"7":15,"8":15,"9":15,"10":15,"11":15,"12":15,"13":15,"14":15,"15":15,"16":15,"17":3,"18":1},"f":{"0":15,"1":3},"b":{"0":[12,3],"1":[14,1],"2":[14,1],"3":[12,3],"4":[1,14],"5":[1,13],"6":[15,14],"7":[1,14],"8":[15,3]}}
,"D:\\DevEnv\\project\\landrik-ui\\src\\components\\atoms\\CheckBox\\index.ts": {"path":"D:\\DevEnv\\project\\landrik-ui\\src\\components\\atoms\\CheckBox\\index.ts","statementMap":{"0":{"start":{"line":1,"column":0},"end":{"line":1,"column":36}},"1":{"start":{"line":3,"column":0},"end":{"line":3,"column":24}}},"fnMap":{},"branchMap":{},"s":{"0":0,"1":0},"f":{},"b":{}}
,"D:\\DevEnv\\project\\landrik-ui\\src\\components\\atoms\\Icons\\Icon.stories.ts": {"path":"D:\\DevEnv\\project\\landrik-ui\\src\\components\\atoms\\Icons\\Icon.stories.ts","statementMap":{"0":{"start":{"line":4,"column":0},"end":{"line":4,"column":30}},"1":{"start":{"line":6,"column":13},"end":{"line":12,"column":30}},"2":{"start":{"line":14,"column":0},"end":{"line":14,"column":null}},"3":{"start":{"line":17,"column":13},"end":{"line":21,"column":null}}},"fnMap":{},"branchMap":{},"s":{"0":0,"1":0,"2":0,"3":0},"f":{},"b":{}}
,"D:\\DevEnv\\project\\landrik-ui\\src\\components\\atoms\\Icons\\Icon.tsx": {"path":"D:\\DevEnv\\project\\landrik-ui\\src\\components\\atoms\\Icons\\Icon.tsx","statementMap":{"0":{"start":{"line":1,"column":0},"end":{"line":1,"column":26}},"1":{"start":{"line":3,"column":0},"end":{"line":3,"column":51}},"2":{"start":{"line":4,"column":0},"end":{"line":4,"column":67}},"3":{"start":{"line":17,"column":20},"end":{"line":35,"column":1}},"4":{"start":{"line":17,"column":27},"end":{"line":17,"column":29}},"5":{"start":{"line":17,"column":29},"end":{"line":17,"column":33}},"6":{"start":{"line":17,"column":33},"end":{"line":17,"column":38}},"7":{"start":{"line":17,"column":43},"end":{"line":17,"column":48}},"8":{"start":{"line":17,"column":53},"end":{"line":17,"column":65}},"9":{"start":{"line":18,"column":2},"end":{"line":34,"column":null}},"10":{"start":{"line":17,"column":13},"end":{"line":17,"column":20}}},"fnMap":{"0":{"name":"(anonymous_4)","decl":{"start":{"line":17,"column":20},"end":{"line":17,"column":21}},"loc":{"start":{"line":17,"column":65},"end":{"line":35,"column":1}}}},"branchMap":{"0":{"loc":{"start":{"line":17,"column":33},"end":{"line":17,"column":38}},"type":"cond-expr","locations":[{"start":{"line":17,"column":34},"end":{"line":17,"column":36}},{"start":{"line":17,"column":36},"end":{"line":17,"column":38}}]},"1":{"loc":{"start":{"line":29,"column":12},"end":{"line":29,"column":54}},"type":"cond-expr","locations":[{"start":{"line":29,"column":20},"end":{"line":29,"column":37}},{"start":{"line":29,"column":40},"end":{"line":29,"column":54}}]}},"s":{"0":4,"1":4,"2":4,"3":4,"4":68,"5":68,"6":68,"7":68,"8":68,"9":68,"10":4},"f":{"0":68},"b":{"0":[6,62],"1":[0,68]}}
,"D:\\DevEnv\\project\\landrik-ui\\src\\components\\atoms\\Icons\\index.ts": {"path":"D:\\DevEnv\\project\\landrik-ui\\src\\components\\atoms\\Icons\\index.ts","statementMap":{"0":{"start":{"line":1,"column":0},"end":{"line":1,"column":28}},"1":{"start":{"line":3,"column":0},"end":{"line":3,"column":20}}},"fnMap":{},"branchMap":{},"s":{"0":4,"1":4},"f":{},"b":{}}
,"D:\\DevEnv\\project\\landrik-ui\\src\\components\\atoms\\Link\\Link.tsx": {"path":"D:\\DevEnv\\project\\landrik-ui\\src\\components\\atoms\\Link\\Link.tsx","statementMap":{"0":{"start":{"line":1,"column":0},"end":{"line":1,"column":24}},"1":{"start":{"line":2,"column":0},"end":{"line":2,"column":21}},"2":{"start":{"line":3,"column":0},"end":{"line":3,"column":44}},"3":{"start":{"line":6,"column":0},"end":{"line":6,"column":28}},"4":{"start":{"line":27,"column":40},"end":{"line":50,"column":2}},"5":{"start":{"line":27,"column":50},"end":{"line":27,"column":52}},"6":{"start":{"line":27,"column":61},"end":{"line":27,"column":63}},"7":{"start":{"line":27,"column":67},"end":{"line":27,"column":69}},"8":{"start":{"line":27,"column":75},"end":{"line":27,"column":77}},"9":{"start":{"line":27,"column":81},"end":{"line":27,"column":86}},"10":{"start":{"line":27,"column":91},"end":{"line":27,"column":null}},"11":{"start":{"line":28,"column":21},"end":{"line":33,"column":null}},"12":{"start":{"line":36,"column":2},"end":{"line":49,"column":null}},"13":{"start":{"line":27,"column":13},"end":{"line":27,"column":40}}},"fnMap":{"0":{"name":"(anonymous_4)","decl":{"start":{"line":27,"column":40},"end":{"line":27,"column":41}},"loc":{"start":{"line":27,"column":92},"end":{"line":50,"column":2}}}},"branchMap":{"0":{"loc":{"start":{"line":43,"column":7},"end":{"line":46,"column":null}},"type":"binary-expr","locations":[{"start":{"line":43,"column":7},"end":{"line":43,"column":11}},{"start":{"line":44,"column":8},"end":{"line":45,"column":null}}]}},"s":{"0":0,"1":0,"2":0,"3":0,"4":0,"5":0,"6":0,"7":0,"8":0,"9":0,"10":0,"11":0,"12":0,"13":0},"f":{"0":0},"b":{"0":[0,0]}}
,"D:\\DevEnv\\project\\landrik-ui\\src\\components\\atoms\\Link\\index.ts": {"path":"D:\\DevEnv\\project\\landrik-ui\\src\\components\\atoms\\Link\\index.ts","statementMap":{"0":{"start":{"line":1,"column":0},"end":{"line":1,"column":30}},"1":{"start":{"line":3,"column":0},"end":{"line":3,"column":null}}},"fnMap":{},"branchMap":{},"s":{"0":0,"1":0},"f":{},"b":{}}
,"D:\\DevEnv\\project\\landrik-ui\\src\\components\\atoms\\RadioButton\\RadioButton.tsx": {"path":"D:\\DevEnv\\project\\landrik-ui\\src\\components\\atoms\\RadioButton\\RadioButton.tsx","statementMap":{"0":{"start":{"line":2,"column":0},"end":{"line":2,"column":33}},"1":{"start":{"line":4,"column":0},"end":{"line":4,"column":110}},"2":{"start":{"line":23,"column":55},"end":{"line":55,"column":1}},"3":{"start":{"line":24,"column":6},"end":{"line":24,"column":null}},"4":{"start":{"line":25,"column":9},"end":{"line":25,"column":null}},"5":{"start":{"line":26,"column":7},"end":{"line":26,"column":null}},"6":{"start":{"line":27,"column":10},"end":{"line":27,"column":null}},"7":{"start":{"line":28,"column":2},"end":{"line":28,"column":7}},"8":{"start":{"line":28,"column":7},"end":{"line":28,"column":null}},"9":{"start":{"line":29,"column":2},"end":{"line":29,"column":6}},"10":{"start":{"line":29,"column":6},"end":{"line":29,"column":null}},"11":{"start":{"line":31,"column":0},"end":{"line":54,"column":2}},"12":{"start":{"line":33,"column":29},"end":{"line":52,"column":6}},"13":{"start":{"line":39,"column":27},"end":{"line":39,"column":null}},"14":{"start":{"line":23,"column":13},"end":{"line":23,"column":55}}},"fnMap":{"0":{"name":"(anonymous_1)","decl":{"start":{"line":23,"column":55},"end":{"line":23,"column":56}},"loc":{"start":{"line":30,"column":1},"end":{"line":55,"column":1}}},"1":{"name":"(anonymous_2)","decl":{"start":{"line":33,"column":17},"end":{"line":33,"column":18}},"loc":{"start":{"line":33,"column":24},"end":{"line":33,"column":null}}},"2":{"name":"(anonymous_3)","decl":{"start":{"line":39,"column":20},"end":{"line":39,"column":21}},"loc":{"start":{"line":39,"column":22},"end":{"line":39,"column":35}}}},"branchMap":{"0":{"loc":{"start":{"line":28,"column":7},"end":{"line":28,"column":null}},"type":"cond-expr","locations":[{"start":{"line":28,"column":10},"end":{"line":28,"column":19}},{"start":{"line":28,"column":19},"end":{"line":28,"column":null}}]},"1":{"loc":{"start":{"line":29,"column":6},"end":{"line":29,"column":null}},"type":"cond-expr","locations":[{"start":{"line":29,"column":9},"end":{"line":29,"column":13}},{"start":{"line":29,"column":13},"end":{"line":29,"column":null}}]}},"s":{"0":1,"1":1,"2":1,"3":13,"4":13,"5":13,"6":13,"7":13,"8":13,"9":13,"10":13,"11":13,"12":39,"13":2,"14":1},"f":{"0":13,"1":39,"2":2},"b":{"0":[12,1],"1":[10,3]}}
,"D:\\DevEnv\\project\\landrik-ui\\src\\components\\atoms\\RadioButton\\Radiobutton.styles.ts": {"path":"D:\\DevEnv\\project\\landrik-ui\\src\\components\\atoms\\RadioButton\\Radiobutton.styles.ts","statementMap":{"0":{"start":{"line":6,"column":0},"end":{"line":6,"column":39}},"1":{"start":{"line":8,"column":13},"end":{"line":12,"column":2}},"2":{"start":{"line":14,"column":13},"end":{"line":19,"column":null}},"3":{"start":{"line":18,"column":21},"end":{"line":18,"column":null}},"4":{"start":{"line":19,"column":22},"end":{"line":19,"column":null}},"5":{"start":{"line":23,"column":13},"end":{"line":28,"column":2}},"6":{"start":{"line":30,"column":13},"end":{"line":50,"column":null}},"7":{"start":{"line":35,"column":20},"end":{"line":35,"column":null}},"8":{"start":{"line":36,"column":21},"end":{"line":36,"column":null}},"9":{"start":{"line":37,"column":31},"end":{"line":37,"column":null}},"10":{"start":{"line":46,"column":29},"end":{"line":46,"column":null}},"11":{"start":{"line":50,"column":37},"end":{"line":50,"column":null}},"12":{"start":{"line":54,"column":13},"end":{"line":65,"column":null}},"13":{"start":{"line":58,"column":20},"end":{"line":58,"column":null}},"14":{"start":{"line":59,"column":21},"end":{"line":59,"column":null}},"15":{"start":{"line":61,"column":25},"end":{"line":61,"column":null}},"16":{"start":{"line":70,"column":13},"end":{"line":71,"column":null}},"17":{"start":{"line":71,"column":24},"end":{"line":71,"column":null}}},"fnMap":{"0":{"name":"(anonymous_2)","decl":{"start":{"line":18,"column":12},"end":{"line":18,"column":17}},"loc":{"start":{"line":18,"column":17},"end":{"line":18,"column":26}}},"1":{"name":"(anonymous_3)","decl":{"start":{"line":19,"column":13},"end":{"line":19,"column":18}},"loc":{"start":{"line":19,"column":18},"end":{"line":19,"column":27}}},"2":{"name":"(anonymous_4)","decl":{"start":{"line":35,"column":11},"end":{"line":35,"column":16}},"loc":{"start":{"line":35,"column":16},"end":{"line":35,"column":25}}},"3":{"name":"(anonymous_5)","decl":{"start":{"line":36,"column":12},"end":{"line":36,"column":17}},"loc":{"start":{"line":36,"column":17},"end":{"line":36,"column":26}}},"4":{"name":"(anonymous_6)","decl":{"start":{"line":37,"column":22},"end":{"line":37,"column":27}},"loc":{"start":{"line":37,"column":27},"end":{"line":37,"column":36}}},"5":{"name":"(anonymous_7)","decl":{"start":{"line":46,"column":20},"end":{"line":46,"column":25}},"loc":{"start":{"line":46,"column":25},"end":{"line":46,"column":34}}},"6":{"name":"(anonymous_8)","decl":{"start":{"line":50,"column":28},"end":{"line":50,"column":33}},"loc":{"start":{"line":50,"column":33},"end":{"line":50,"column":40}}},"7":{"name":"(anonymous_9)","decl":{"start":{"line":58,"column":11},"end":{"line":58,"column":16}},"loc":{"start":{"line":58,"column":16},"end":{"line":58,"column":25}}},"8":{"name":"(anonymous_10)","decl":{"start":{"line":59,"column":12},"end":{"line":59,"column":17}},"loc":{"start":{"line":59,"column":17},"end":{"line":59,"column":26}}},"9":{"name":"(anonymous_11)","decl":{"start":{"line":61,"column":16},"end":{"line":61,"column":21}},"loc":{"start":{"line":61,"column":21},"end":{"line":61,"column":30}}},"10":{"name":"(anonymous_12)","decl":{"start":{"line":71,"column":15},"end":{"line":71,"column":20}},"loc":{"start":{"line":71,"column":20},"end":{"line":71,"column":29}}}},"branchMap":{"0":{"loc":{"start":{"line":8,"column":38},"end":{"line":12,"column":2}},"type":"binary-expr","locations":[{"start":{"line":8,"column":38},"end":{"line":8,"column":null}},{"start":{"line":8,"column":38},"end":{"line":12,"column":2}}]},"1":{"loc":{"start":{"line":14,"column":38},"end":{"line":21,"column":2}},"type":"binary-expr","locations":[{"start":{"line":14,"column":38},"end":{"line":14,"column":63}},{"start":{"line":14,"column":38},"end":{"line":21,"column":2}}]},"2":{"loc":{"start":{"line":18,"column":21},"end":{"line":18,"column":64}},"type":"cond-expr","locations":[{"start":{"line":18,"column":39},"end":{"line":18,"column":52}},{"start":{"line":18,"column":55},"end":{"line":18,"column":64}}]},"3":{"loc":{"start":{"line":19,"column":22},"end":{"line":19,"column":47}},"type":"cond-expr","locations":[{"start":{"line":19,"column":40},"end":{"line":19,"column":43}},{"start":{"line":19,"column":46},"end":{"line":19,"column":47}}]},"4":{"loc":{"start":{"line":23,"column":64},"end":{"line":28,"column":2}},"type":"binary-expr","locations":[{"start":{"line":23,"column":64},"end":{"line":23,"column":null}},{"start":{"line":23,"column":64},"end":{"line":28,"column":2}}]},"5":{"loc":{"start":{"line":30,"column":37},"end":{"line":52,"column":2}},"type":"binary-expr","locations":[{"start":{"line":30,"column":37},"end":{"line":30,"column":null}},{"start":{"line":30,"column":37},"end":{"line":52,"column":2}}]},"6":{"loc":{"start":{"line":35,"column":20},"end":{"line":35,"column":90}},"type":"cond-expr","locations":[{"start":{"line":35,"column":43},"end":{"line":35,"column":49}},{"start":{"line":35,"column":52},"end":{"line":35,"column":90}}]},"7":{"loc":{"start":{"line":35,"column":52},"end":{"line":35,"column":90}},"type":"cond-expr","locations":[{"start":{"line":35,"column":75},"end":{"line":35,"column":81}},{"start":{"line":35,"column":84},"end":{"line":35,"column":90}}]},"8":{"loc":{"start":{"line":36,"column":21},"end":{"line":36,"column":91}},"type":"cond-expr","locations":[{"start":{"line":36,"column":44},"end":{"line":36,"column":50}},{"start":{"line":36,"column":53},"end":{"line":36,"column":91}}]},"9":{"loc":{"start":{"line":36,"column":53},"end":{"line":36,"column":91}},"type":"cond-expr","locations":[{"start":{"line":36,"column":76},"end":{"line":36,"column":82}},{"start":{"line":36,"column":85},"end":{"line":36,"column":91}}]},"10":{"loc":{"start":{"line":37,"column":31},"end":{"line":37,"column":72}},"type":"cond-expr","locations":[{"start":{"line":37,"column":48},"end":{"line":37,"column":60}},{"start":{"line":37,"column":63},"end":{"line":37,"column":72}}]},"11":{"loc":{"start":{"line":54,"column":34},"end":{"line":68,"column":2}},"type":"binary-expr","locations":[{"start":{"line":54,"column":34},"end":{"line":54,"column":null}},{"start":{"line":54,"column":34},"end":{"line":68,"column":2}}]},"12":{"loc":{"start":{"line":58,"column":20},"end":{"line":58,"column":89}},"type":"cond-expr","locations":[{"start":{"line":58,"column":43},"end":{"line":58,"column":48}},{"start":{"line":58,"column":51},"end":{"line":58,"column":89}}]},"13":{"loc":{"start":{"line":58,"column":51},"end":{"line":58,"column":89}},"type":"cond-expr","locations":[{"start":{"line":58,"column":74},"end":{"line":58,"column":80}},{"start":{"line":58,"column":83},"end":{"line":58,"column":89}}]},"14":{"loc":{"start":{"line":59,"column":21},"end":{"line":59,"column":90}},"type":"cond-expr","locations":[{"start":{"line":59,"column":44},"end":{"line":59,"column":49}},{"start":{"line":59,"column":52},"end":{"line":59,"column":90}}]},"15":{"loc":{"start":{"line":59,"column":52},"end":{"line":59,"column":90}},"type":"cond-expr","locations":[{"start":{"line":59,"column":75},"end":{"line":59,"column":81}},{"start":{"line":59,"column":84},"end":{"line":59,"column":90}}]},"16":{"loc":{"start":{"line":70,"column":36},"end":{"line":73,"column":2}},"type":"binary-expr","locations":[{"start":{"line":70,"column":36},"end":{"line":70,"column":67}},{"start":{"line":70,"column":36},"end":{"line":73,"column":2}}]},"17":{"loc":{"start":{"line":71,"column":24},"end":{"line":71,"column":94}},"type":"cond-expr","locations":[{"start":{"line":71,"column":47},"end":{"line":71,"column":53}},{"start":{"line":71,"column":56},"end":{"line":71,"column":94}}]},"18":{"loc":{"start":{"line":71,"column":56},"end":{"line":71,"column":94}},"type":"cond-expr","locations":[{"start":{"line":71,"column":79},"end":{"line":71,"column":85}},{"start":{"line":71,"column":88},"end":{"line":71,"column":94}}]}},"s":{"0":1,"1":1,"2":1,"3":39,"4":39,"5":1,"6":1,"7":39,"8":39,"9":39,"10":39,"11":39,"12":1,"13":39,"14":39,"15":39,"16":1,"17":39},"f":{"0":39,"1":39,"2":39,"3":39,"4":39,"5":39,"6":39,"7":39,"8":39,"9":39,"10":39},"b":{"0":[1,1],"1":[1,1],"2":[2,37],"3":[2,37],"4":[1,1],"5":[1,1],"6":[3,36],"7":[3,33],"8":[3,36],"9":[3,33],"10":[13,26],"11":[1,1],"12":[3,36],"13":[3,33],"14":[3,36],"15":[3,33],"16":[1,1],"17":[3,36],"18":[3,33]}}
,"D:\\DevEnv\\project\\landrik-ui\\src\\components\\atoms\\RadioButton\\index.ts": {"path":"D:\\DevEnv\\project\\landrik-ui\\src\\components\\atoms\\RadioButton\\index.ts","statementMap":{"0":{"start":{"line":1,"column":0},"end":{"line":1,"column":42}},"1":{"start":{"line":3,"column":0},"end":{"line":3,"column":27}}},"fnMap":{},"branchMap":{},"s":{"0":0,"1":0},"f":{},"b":{}}
,"D:\\DevEnv\\project\\landrik-ui\\src\\components\\atoms\\Select\\Select.styles.ts": {"path":"D:\\DevEnv\\project\\landrik-ui\\src\\components\\atoms\\Select\\Select.styles.ts","statementMap":{"0":{"start":{"line":6,"column":0},"end":{"line":6,"column":39}},"1":{"start":{"line":9,"column":13},"end":{"line":9,"column":74}},"2":{"start":{"line":11,"column":13},"end":{"line":44,"column":null}},"3":{"start":{"line":20,"column":31},"end":{"line":20,"column":null}},"4":{"start":{"line":22,"column":4},"end":{"line":26,"column":5}},"5":{"start":{"line":23,"column":19},"end":{"line":23,"column":34}},"6":{"start":{"line":24,"column":22},"end":{"line":24,"column":35}},"7":{"start":{"line":25,"column":21},"end":{"line":25,"column":34}},"8":{"start":{"line":35,"column":20},"end":{"line":35,"column":null}},"9":{"start":{"line":38,"column":27},"end":{"line":38,"column":null}},"10":{"start":{"line":43,"column":27},"end":{"line":43,"column":null}},"11":{"start":{"line":44,"column":35},"end":{"line":44,"column":null}},"12":{"start":{"line":53,"column":13},"end":{"line":57,"column":null}},"13":{"start":{"line":57,"column":31},"end":{"line":57,"column":null}},"14":{"start":{"line":60,"column":13},"end":{"line":74,"column":null}},"15":{"start":{"line":72,"column":22},"end":{"line":72,"column":null}},"16":{"start":{"line":73,"column":25},"end":{"line":73,"column":null}},"17":{"start":{"line":74,"column":35},"end":{"line":74,"column":null}},"18":{"start":{"line":78,"column":13},"end":{"line":89,"column":null}},"19":{"start":{"line":85,"column":20},"end":{"line":85,"column":null}},"20":{"start":{"line":86,"column":25},"end":{"line":86,"column":null}},"21":{"start":{"line":89,"column":27},"end":{"line":89,"column":null}},"22":{"start":{"line":93,"column":13},"end":{"line":98,"column":2}}},"fnMap":{"0":{"name":"(anonymous_2)","decl":{"start":{"line":20,"column":22},"end":{"line":20,"column":27}},"loc":{"start":{"line":20,"column":27},"end":{"line":20,"column":36}}},"1":{"name":"(anonymous_3)","decl":{"start":{"line":21,"column":19},"end":{"line":21,"column":24}},"loc":{"start":{"line":21,"column":24},"end":{"line":27,"column":1}}},"2":{"name":"(anonymous_4)","decl":{"start":{"line":35,"column":11},"end":{"line":35,"column":16}},"loc":{"start":{"line":35,"column":16},"end":{"line":35,"column":25}}},"3":{"name":"(anonymous_5)","decl":{"start":{"line":38,"column":18},"end":{"line":38,"column":23}},"loc":{"start":{"line":38,"column":23},"end":{"line":38,"column":32}}},"4":{"name":"(anonymous_6)","decl":{"start":{"line":43,"column":18},"end":{"line":43,"column":23}},"loc":{"start":{"line":43,"column":23},"end":{"line":43,"column":32}}},"5":{"name":"(anonymous_7)","decl":{"start":{"line":44,"column":26},"end":{"line":44,"column":31}},"loc":{"start":{"line":44,"column":31},"end":{"line":44,"column":40}}},"6":{"name":"(anonymous_8)","decl":{"start":{"line":57,"column":22},"end":{"line":57,"column":27}},"loc":{"start":{"line":57,"column":27},"end":{"line":57,"column":36}}},"7":{"name":"(anonymous_9)","decl":{"start":{"line":72,"column":13},"end":{"line":72,"column":18}},"loc":{"start":{"line":72,"column":18},"end":{"line":72,"column":27}}},"8":{"name":"(anonymous_10)","decl":{"start":{"line":73,"column":16},"end":{"line":73,"column":21}},"loc":{"start":{"line":73,"column":21},"end":{"line":73,"column":30}}},"9":{"name":"(anonymous_11)","decl":{"start":{"line":74,"column":26},"end":{"line":74,"column":31}},"loc":{"start":{"line":74,"column":31},"end":{"line":74,"column":40}}},"10":{"name":"(anonymous_12)","decl":{"start":{"line":85,"column":11},"end":{"line":85,"column":16}},"loc":{"start":{"line":85,"column":16},"end":{"line":85,"column":25}}},"11":{"name":"(anonymous_13)","decl":{"start":{"line":86,"column":16},"end":{"line":86,"column":21}},"loc":{"start":{"line":86,"column":21},"end":{"line":86,"column":30}}},"12":{"name":"(anonymous_14)","decl":{"start":{"line":89,"column":18},"end":{"line":89,"column":23}},"loc":{"start":{"line":89,"column":23},"end":{"line":89,"column":32}}}},"branchMap":{"0":{"loc":{"start":{"line":9,"column":39},"end":{"line":9,"column":74}},"type":"binary-expr","locations":[{"start":{"line":9,"column":39},"end":{"line":9,"column":73}},{"start":{"line":9,"column":39},"end":{"line":9,"column":74}}]},"1":{"loc":{"start":{"line":11,"column":41},"end":{"line":51,"column":2}},"type":"binary-expr","locations":[{"start":{"line":11,"column":41},"end":{"line":11,"column":null}},{"start":{"line":11,"column":41},"end":{"line":51,"column":2}}]},"2":{"loc":{"start":{"line":20,"column":31},"end":{"line":20,"column":98}},"type":"cond-expr","locations":[{"start":{"line":20,"column":46},"end":{"line":20,"column":55}},{"start":{"line":20,"column":58},"end":{"line":20,"column":98}}]},"3":{"loc":{"start":{"line":20,"column":58},"end":{"line":20,"column":98}},"type":"cond-expr","locations":[{"start":{"line":20,"column":74},"end":{"line":20,"column":86}},{"start":{"line":20,"column":89},"end":{"line":20,"column":98}}]},"4":{"loc":{"start":{"line":22,"column":4},"end":{"line":26,"column":5}},"type":"switch","locations":[{"start":{"line":23,"column":6},"end":{"line":23,"column":34}},{"start":{"line":24,"column":6},"end":{"line":24,"column":35}},{"start":{"line":25,"column":6},"end":{"line":25,"column":34}}]},"5":{"loc":{"start":{"line":35,"column":20},"end":{"line":35,"column":44}},"type":"binary-expr","locations":[{"start":{"line":35,"column":20},"end":{"line":35,"column":31}},{"start":{"line":35,"column":35},"end":{"line":35,"column":44}}]},"6":{"loc":{"start":{"line":38,"column":27},"end":{"line":38,"column":66}},"type":"cond-expr","locations":[{"start":{"line":38,"column":42},"end":{"line":38,"column":51}},{"start":{"line":38,"column":54},"end":{"line":38,"column":66}}]},"7":{"loc":{"start":{"line":43,"column":27},"end":{"line":43,"column":66}},"type":"cond-expr","locations":[{"start":{"line":43,"column":42},"end":{"line":43,"column":51}},{"start":{"line":43,"column":54},"end":{"line":43,"column":66}}]},"8":{"loc":{"start":{"line":44,"column":35},"end":{"line":44,"column":81}},"type":"cond-expr","locations":[{"start":{"line":44,"column":50},"end":{"line":44,"column":59}},{"start":{"line":44,"column":62},"end":{"line":44,"column":81}}]},"9":{"loc":{"start":{"line":53,"column":37},"end":{"line":58,"column":2}},"type":"binary-expr","locations":[{"start":{"line":53,"column":37},"end":{"line":53,"column":59}},{"start":{"line":53,"column":37},"end":{"line":58,"column":2}}]},"10":{"loc":{"start":{"line":57,"column":31},"end":{"line":57,"column":64}},"type":"cond-expr","locations":[{"start":{"line":57,"column":47},"end":{"line":57,"column":55}},{"start":{"line":57,"column":58},"end":{"line":57,"column":64}}]},"11":{"loc":{"start":{"line":60,"column":34},"end":{"line":76,"column":2}},"type":"binary-expr","locations":[{"start":{"line":60,"column":34},"end":{"line":60,"column":56}},{"start":{"line":60,"column":34},"end":{"line":76,"column":2}}]},"12":{"loc":{"start":{"line":72,"column":22},"end":{"line":72,"column":43}},"type":"cond-expr","locations":[{"start":{"line":72,"column":38},"end":{"line":72,"column":39}},{"start":{"line":72,"column":42},"end":{"line":72,"column":43}}]},"13":{"loc":{"start":{"line":73,"column":25},"end":{"line":73,"column":61}},"type":"cond-expr","locations":[{"start":{"line":73,"column":41},"end":{"line":73,"column":50}},{"start":{"line":73,"column":53},"end":{"line":73,"column":61}}]},"14":{"loc":{"start":{"line":74,"column":35},"end":{"line":74,"column":63}},"type":"cond-expr","locations":[{"start":{"line":74,"column":51},"end":{"line":74,"column":54}},{"start":{"line":74,"column":57},"end":{"line":74,"column":63}}]},"15":{"loc":{"start":{"line":78,"column":32},"end":{"line":91,"column":2}},"type":"binary-expr","locations":[{"start":{"line":78,"column":32},"end":{"line":78,"column":72}},{"start":{"line":78,"column":32},"end":{"line":91,"column":2}}]},"16":{"loc":{"start":{"line":85,"column":20},"end":{"line":85,"column":62}},"type":"cond-expr","locations":[{"start":{"line":85,"column":38},"end":{"line":85,"column":50}},{"start":{"line":85,"column":53},"end":{"line":85,"column":62}}]},"17":{"loc":{"start":{"line":86,"column":25},"end":{"line":86,"column":77}},"type":"cond-expr","locations":[{"start":{"line":86,"column":42},"end":{"line":86,"column":61}},{"start":{"line":86,"column":64},"end":{"line":86,"column":77}}]},"18":{"loc":{"start":{"line":89,"column":27},"end":{"line":89,"column":76}},"type":"cond-expr","locations":[{"start":{"line":89,"column":45},"end":{"line":89,"column":64}},{"start":{"line":89,"column":67},"end":{"line":89,"column":76}}]},"19":{"loc":{"start":{"line":93,"column":39},"end":{"line":98,"column":2}},"type":"binary-expr","locations":[{"start":{"line":93,"column":39},"end":{"line":93,"column":null}},{"start":{"line":93,"column":39},"end":{"line":98,"column":2}}]}},"s":{"0":1,"1":1,"2":1,"3":27,"4":27,"5":1,"6":25,"7":1,"8":27,"9":27,"10":27,"11":27,"12":1,"13":27,"14":1,"15":27,"16":27,"17":27,"18":1,"19":81,"20":81,"21":81,"22":1},"f":{"0":27,"1":27,"2":27,"3":27,"4":27,"5":27,"6":27,"7":27,"8":27,"9":27,"10":81,"11":81,"12":81},"b":{"0":[1,1],"1":[1,1],"2":[3,24],"3":[6,18],"4":[1,25,1],"5":[27,27],"6":[3,24],"7":[3,24],"8":[3,24],"9":[1,1],"10":[6,21],"11":[1,1],"12":[6,21],"13":[6,21],"14":[6,21],"15":[1,1],"16":[3,78],"17":[3,78],"18":[3,78],"19":[1,1]}}
,"D:\\DevEnv\\project\\landrik-ui\\src\\components\\atoms\\Select\\Select.tsx": {"path":"D:\\DevEnv\\project\\landrik-ui\\src\\components\\atoms\\Select\\Select.tsx","statementMap":{"0":{"start":{"line":1,"column":0},"end":{"line":1,"column":73}},"1":{"start":{"line":2,"column":0},"end":{"line":2,"column":102}},"2":{"start":{"line":4,"column":0},"end":{"line":4,"column":28}},"3":{"start":{"line":154,"column":45},"end":{"line":223,"column":1}},"4":{"start":{"line":155,"column":9},"end":{"line":155,"column":null}},"5":{"start":{"line":156,"column":7},"end":{"line":156,"column":null}},"6":{"start":{"line":157,"column":10},"end":{"line":157,"column":null}},"7":{"start":{"line":158,"column":2},"end":{"line":158,"column":13}},"8":{"start":{"line":158,"column":13},"end":{"line":158,"column":null}},"9":{"start":{"line":159,"column":2},"end":{"line":159,"column":10}},"10":{"start":{"line":159,"column":10},"end":{"line":159,"column":null}},"11":{"start":{"line":160,"column":7},"end":{"line":160,"column":null}},"12":{"start":{"line":161,"column":2},"end":{"line":161,"column":7}},"13":{"start":{"line":161,"column":7},"end":{"line":161,"column":null}},"14":{"start":{"line":162,"column":2},"end":{"line":162,"column":7}},"15":{"start":{"line":162,"column":7},"end":{"line":162,"column":null}},"16":{"start":{"line":165,"column":30},"end":{"line":165,"column":45}},"17":{"start":{"line":165,"column":15},"end":{"line":165,"column":17}},"18":{"start":{"line":165,"column":26},"end":{"line":165,"column":30}},"19":{"start":{"line":166,"column":21},"end":{"line":166,"column":49}},"20":{"start":{"line":168,"column":25},"end":{"line":168,"column":65}},"21":{"start":{"line":168,"column":45},"end":{"line":168,"column":65}},"22":{"start":{"line":170,"column":2},"end":{"line":182,"column":9}},"23":{"start":{"line":171,"column":31},"end":{"line":175,"column":5}},"24":{"start":{"line":172,"column":6},"end":{"line":174,"column":7}},"25":{"start":{"line":173,"column":8},"end":{"line":173,"column":25}},"26":{"start":{"line":178,"column":4},"end":{"line":178,"column":63}},"27":{"start":{"line":179,"column":4},"end":{"line":179,"column":79}},"28":{"start":{"line":179,"column":17},"end":{"line":179,"column":79}},"29":{"start":{"line":184,"column":23},"end":{"line":187,"column":3}},"30":{"start":{"line":185,"column":4},"end":{"line":185,"column":26}},"31":{"start":{"line":186,"column":4},"end":{"line":186,"column":21}},"32":{"start":{"line":189,"column":2},"end":{"line":222,"column":4}},"33":{"start":{"line":198,"column":25},"end":{"line":198,"column":null}},"34":{"start":{"line":207,"column":33},"end":{"line":217,"column":10}},"35":{"start":{"line":212,"column":27},"end":{"line":212,"column":null}},"36":{"start":{"line":154,"column":13},"end":{"line":154,"column":45}}},"fnMap":{"0":{"name":"(anonymous_10)","decl":{"start":{"line":154,"column":45},"end":{"line":154,"column":46}},"loc":{"start":{"line":163,"column":1},"end":{"line":223,"column":1}}},"1":{"name":"(anonymous_11)","decl":{"start":{"line":168,"column":38},"end":{"line":168,"column":41}},"loc":{"start":{"line":168,"column":41},"end":{"line":168,"column":48}}},"2":{"name":"(anonymous_12)","decl":{"start":{"line":170,"column":12},"end":{"line":170,"column":null}},"loc":{"start":{"line":170,"column":12},"end":{"line":182,"column":3}}},"3":{"name":"(anonymous_13)","decl":{"start":{"line":171,"column":31},"end":{"line":171,"column":32}},"loc":{"start":{"line":171,"column":49},"end":{"line":175,"column":5}}},"4":{"name":"(anonymous_14)","decl":{"start":{"line":179,"column":11},"end":{"line":179,"column":17}},"loc":{"start":{"line":179,"column":11},"end":{"line":179,"column":25}}},"5":{"name":"(anonymous_15)","decl":{"start":{"line":184,"column":23},"end":{"line":184,"column":24}},"loc":{"start":{"line":184,"column":43},"end":{"line":187,"column":3}}},"6":{"name":"(anonymous_16)","decl":{"start":{"line":198,"column":19},"end":{"line":198,"column":25}},"loc":{"start":{"line":198,"column":19},"end":{"line":198,"column":26}}},"7":{"name":"(anonymous_17)","decl":{"start":{"line":207,"column":21},"end":{"line":207,"column":22}},"loc":{"start":{"line":207,"column":28},"end":{"line":207,"column":null}}},"8":{"name":"(anonymous_18)","decl":{"start":{"line":212,"column":21},"end":{"line":212,"column":27}},"loc":{"start":{"line":212,"column":21},"end":{"line":212,"column":39}}}},"branchMap":{"0":{"loc":{"start":{"line":158,"column":13},"end":{"line":158,"column":null}},"type":"cond-expr","locations":[{"start":{"line":158,"column":16},"end":{"line":158,"column":34}},{"start":{"line":158,"column":34},"end":{"line":158,"column":null}}]},"1":{"loc":{"start":{"line":159,"column":10},"end":{"line":159,"column":null}},"type":"cond-expr","locations":[{"start":{"line":159,"column":13},"end":{"line":159,"column":18}},{"start":{"line":159,"column":18},"end":{"line":159,"column":null}}]},"2":{"loc":{"start":{"line":161,"column":7},"end":{"line":161,"column":null}},"type":"cond-expr","locations":[{"start":{"line":161,"column":10},"end":{"line":161,"column":19}},{"start":{"line":161,"column":19},"end":{"line":161,"column":null}}]},"3":{"loc":{"start":{"line":162,"column":7},"end":{"line":162,"column":null}},"type":"cond-expr","locations":[{"start":{"line":162,"column":10},"end":{"line":162,"column":19}},{"start":{"line":162,"column":19},"end":{"line":162,"column":null}}]},"4":{"loc":{"start":{"line":172,"column":6},"end":{"line":174,"column":7}},"type":"if","locations":[{"start":{"line":172,"column":6},"end":{"line":174,"column":7}}]},"5":{"loc":{"start":{"line":172,"column":10},"end":{"line":172,"column":82}},"type":"binary-expr","locations":[{"start":{"line":172,"column":10},"end":{"line":172,"column":28}},{"start":{"line":172,"column":32},"end":{"line":172,"column":82}}]},"6":{"loc":{"start":{"line":198,"column":25},"end":{"line":198,"column":56}},"type":"binary-expr","locations":[{"start":{"line":198,"column":25},"end":{"line":198,"column":34}},{"start":{"line":198,"column":38},"end":{"line":198,"column":56}}]},"7":{"loc":{"start":{"line":201,"column":15},"end":{"line":201,"column":66}},"type":"cond-expr","locations":[{"start":{"line":201,"column":32},"end":{"line":201,"column":52}},{"start":{"line":201,"column":55},"end":{"line":201,"column":66}}]},"8":{"loc":{"start":{"line":215,"column":13},"end":{"line":215,"column":70}},"type":"binary-expr","locations":[{"start":{"line":215,"column":13},"end":{"line":215,"column":35}},{"start":{"line":215,"column":39},"end":{"line":215,"column":70}}]},"9":{"loc":{"start":{"line":220,"column":7},"end":{"line":220,"column":52}},"type":"binary-expr","locations":[{"start":{"line":220,"column":7},"end":{"line":220,"column":12}},{"start":{"line":220,"column":16},"end":{"line":220,"column":52}}]}},"s":{"0":1,"1":1,"2":1,"3":1,"4":27,"5":27,"6":27,"7":27,"8":27,"9":27,"10":27,"11":27,"12":27,"13":27,"14":27,"15":27,"16":27,"17":27,"18":27,"19":27,"20":27,"21":78,"22":27,"23":18,"24":1,"25":1,"26":18,"27":18,"28":18,"29":27,"30":2,"31":2,"32":27,"33":6,"34":81,"35":2,"36":1},"f":{"0":27,"1":78,"2":18,"3":1,"4":18,"5":2,"6":6,"7":81,"8":2},"b":{"0":[26,1],"1":[25,2],"2":[25,2],"3":[24,3],"4":[1],"5":[1,1],"6":[6,6],"7":[3,24],"8":[81,3],"9":[27,3]}}
,"D:\\DevEnv\\project\\landrik-ui\\src\\components\\atoms\\Select\\index.ts": {"path":"D:\\DevEnv\\project\\landrik-ui\\src\\components\\atoms\\Select\\index.ts","statementMap":{"0":{"start":{"line":1,"column":0},"end":{"line":1,"column":34}},"1":{"start":{"line":3,"column":0},"end":{"line":3,"column":null}}},"fnMap":{},"branchMap":{},"s":{"0":0,"1":0},"f":{},"b":{}}
,"D:\\DevEnv\\project\\landrik-ui\\src\\components\\atoms\\Tabs\\Tabs.styles.ts": {"path":"D:\\DevEnv\\project\\landrik-ui\\src\\components\\atoms\\Tabs\\Tabs.styles.ts","statementMap":{"0":{"start":{"line":6,"column":0},"end":{"line":6,"column":39}},"1":{"start":{"line":8,"column":13},"end":{"line":8,"column":54}},"2":{"start":{"line":10,"column":13},"end":{"line":16,"column":null}},"3":{"start":{"line":12,"column":18},"end":{"line":12,"column":null}},"4":{"start":{"line":13,"column":28},"end":{"line":13,"column":null}},"5":{"start":{"line":14,"column":25},"end":{"line":14,"column":null}},"6":{"start":{"line":15,"column":22},"end":{"line":15,"column":null}},"7":{"start":{"line":16,"column":28},"end":{"line":16,"column":null}},"8":{"start":{"line":19,"column":13},"end":{"line":62,"column":null}},"9":{"start":{"line":27,"column":4},"end":{"line":27,"column":73}},"10":{"start":{"line":27,"column":53},"end":{"line":27,"column":73}},"11":{"start":{"line":28,"column":4},"end":{"line":28,"column":71}},"12":{"start":{"line":28,"column":56},"end":{"line":28,"column":71}},"13":{"start":{"line":29,"column":4},"end":{"line":29,"column":25}},"14":{"start":{"line":32,"column":4},"end":{"line":32,"column":68}},"15":{"start":{"line":32,"column":53},"end":{"line":32,"column":68}},"16":{"start":{"line":33,"column":4},"end":{"line":33,"column":43}},"17":{"start":{"line":33,"column":23},"end":{"line":33,"column":43}},"18":{"start":{"line":34,"column":4},"end":{"line":34,"column":21}},"19":{"start":{"line":37,"column":26},"end":{"line":37,"column":null}},"20":{"start":{"line":41,"column":28},"end":{"line":41,"column":null}},"21":{"start":{"line":43,"column":25},"end":{"line":43,"column":null}},"22":{"start":{"line":45,"column":13},"end":{"line":53,"column":null}},"23":{"start":{"line":57,"column":22},"end":{"line":57,"column":null}},"24":{"start":{"line":59,"column":6},"end":{"line":59,"column":83}},"25":{"start":{"line":59,"column":56},"end":{"line":59,"column":83}},"26":{"start":{"line":60,"column":6},"end":{"line":60,"column":76}},"27":{"start":{"line":60,"column":59},"end":{"line":60,"column":76}},"28":{"start":{"line":61,"column":6},"end":{"line":61,"column":55}},"29":{"start":{"line":71,"column":13},"end":{"line":71,"column":53}}},"fnMap":{"0":{"name":"(anonymous_2)","decl":{"start":{"line":12,"column":9},"end":{"line":12,"column":14}},"loc":{"start":{"line":12,"column":14},"end":{"line":12,"column":23}}},"1":{"name":"(anonymous_3)","decl":{"start":{"line":13,"column":19},"end":{"line":13,"column":24}},"loc":{"start":{"line":13,"column":24},"end":{"line":13,"column":33}}},"2":{"name":"(anonymous_4)","decl":{"start":{"line":14,"column":16},"end":{"line":14,"column":21}},"loc":{"start":{"line":14,"column":21},"end":{"line":14,"column":30}}},"3":{"name":"(anonymous_5)","decl":{"start":{"line":15,"column":13},"end":{"line":15,"column":18}},"loc":{"start":{"line":15,"column":18},"end":{"line":15,"column":27}}},"4":{"name":"(anonymous_6)","decl":{"start":{"line":16,"column":19},"end":{"line":16,"column":24}},"loc":{"start":{"line":16,"column":24},"end":{"line":16,"column":33}}},"5":{"name":"(anonymous_7)","decl":{"start":{"line":26,"column":16},"end":{"line":26,"column":21}},"loc":{"start":{"line":26,"column":21},"end":{"line":30,"column":3}}},"6":{"name":"(anonymous_8)","decl":{"start":{"line":31,"column":11},"end":{"line":31,"column":16}},"loc":{"start":{"line":31,"column":16},"end":{"line":35,"column":3}}},"7":{"name":"(anonymous_9)","decl":{"start":{"line":37,"column":17},"end":{"line":37,"column":22}},"loc":{"start":{"line":37,"column":22},"end":{"line":37,"column":31}}},"8":{"name":"(anonymous_10)","decl":{"start":{"line":41,"column":19},"end":{"line":41,"column":24}},"loc":{"start":{"line":41,"column":24},"end":{"line":41,"column":33}}},"9":{"name":"(anonymous_11)","decl":{"start":{"line":43,"column":16},"end":{"line":43,"column":21}},"loc":{"start":{"line":43,"column":21},"end":{"line":43,"column":30}}},"10":{"name":"(anonymous_12)","decl":{"start":{"line":45,"column":4},"end":{"line":45,"column":9}},"loc":{"start":{"line":45,"column":9},"end":{"line":45,"column":18}}},"11":{"name":"(anonymous_13)","decl":{"start":{"line":57,"column":13},"end":{"line":57,"column":18}},"loc":{"start":{"line":57,"column":18},"end":{"line":57,"column":27}}},"12":{"name":"(anonymous_14)","decl":{"start":{"line":58,"column":18},"end":{"line":58,"column":23}},"loc":{"start":{"line":58,"column":23},"end":{"line":62,"column":5}}}},"branchMap":{"0":{"loc":{"start":{"line":8,"column":39},"end":{"line":8,"column":54}},"type":"binary-expr","locations":[{"start":{"line":8,"column":39},"end":{"line":8,"column":53}},{"start":{"line":8,"column":39},"end":{"line":8,"column":54}}]},"1":{"loc":{"start":{"line":10,"column":33},"end":{"line":17,"column":2}},"type":"binary-expr","locations":[{"start":{"line":10,"column":33},"end":{"line":10,"column":78}},{"start":{"line":10,"column":33},"end":{"line":17,"column":2}}]},"2":{"loc":{"start":{"line":12,"column":18},"end":{"line":12,"column":58}},"type":"cond-expr","locations":[{"start":{"line":12,"column":47},"end":{"line":12,"column":52}},{"start":{"line":12,"column":55},"end":{"line":12,"column":58}}]},"3":{"loc":{"start":{"line":13,"column":28},"end":{"line":13,"column":84}},"type":"cond-expr","locations":[{"start":{"line":13,"column":56},"end":{"line":13,"column":75}},{"start":{"line":13,"column":78},"end":{"line":13,"column":84}}]},"4":{"loc":{"start":{"line":14,"column":25},"end":{"line":14,"column":82}},"type":"cond-expr","locations":[{"start":{"line":14,"column":57},"end":{"line":14,"column":66}},{"start":{"line":14,"column":69},"end":{"line":14,"column":82}}]},"5":{"loc":{"start":{"line":15,"column":22},"end":{"line":15,"column":65}},"type":"cond-expr","locations":[{"start":{"line":15,"column":54},"end":{"line":15,"column":59}},{"start":{"line":15,"column":62},"end":{"line":15,"column":65}}]},"6":{"loc":{"start":{"line":16,"column":28},"end":{"line":16,"column":71}},"type":"cond-expr","locations":[{"start":{"line":16,"column":60},"end":{"line":16,"column":65}},{"start":{"line":16,"column":68},"end":{"line":16,"column":71}}]},"7":{"loc":{"start":{"line":19,"column":32},"end":{"line":69,"column":2}},"type":"binary-expr","locations":[{"start":{"line":19,"column":32},"end":{"line":19,"column":null}},{"start":{"line":19,"column":32},"end":{"line":69,"column":2}}]},"8":{"loc":{"start":{"line":27,"column":4},"end":{"line":27,"column":73}},"type":"if","locations":[{"start":{"line":27,"column":4},"end":{"line":27,"column":73}}]},"9":{"loc":{"start":{"line":27,"column":8},"end":{"line":27,"column":51}},"type":"binary-expr","locations":[{"start":{"line":27,"column":8},"end":{"line":27,"column":34}},{"start":{"line":27,"column":38},"end":{"line":27,"column":51}}]},"10":{"loc":{"start":{"line":28,"column":4},"end":{"line":28,"column":71}},"type":"if","locations":[{"start":{"line":28,"column":4},"end":{"line":28,"column":71}}]},"11":{"loc":{"start":{"line":28,"column":8},"end":{"line":28,"column":54}},"type":"binary-expr","locations":[{"start":{"line":28,"column":8},"end":{"line":28,"column":37}},{"start":{"line":28,"column":41},"end":{"line":28,"column":54}}]},"12":{"loc":{"start":{"line":32,"column":4},"end":{"line":32,"column":68}},"type":"if","locations":[{"start":{"line":32,"column":4},"end":{"line":32,"column":68}}]},"13":{"loc":{"start":{"line":32,"column":8},"end":{"line":32,"column":51}},"type":"binary-expr","locations":[{"start":{"line":32,"column":8},"end":{"line":32,"column":34}},{"start":{"line":32,"column":38},"end":{"line":32,"column":51}}]},"14":{"loc":{"start":{"line":33,"column":4},"end":{"line":33,"column":43}},"type":"if","locations":[{"start":{"line":33,"column":4},"end":{"line":33,"column":43}}]},"15":{"loc":{"start":{"line":37,"column":26},"end":{"line":37,"column":51}},"type":"cond-expr","locations":[{"start":{"line":37,"column":42},"end":{"line":37,"column":45}},{"start":{"line":37,"column":48},"end":{"line":37,"column":51}}]},"16":{"loc":{"start":{"line":41,"column":28},"end":{"line":41,"column":101}},"type":"cond-expr","locations":[{"start":{"line":41,"column":90},"end":{"line":41,"column":95}},{"start":{"line":41,"column":98},"end":{"line":41,"column":101}}]},"17":{"loc":{"start":{"line":41,"column":28},"end":{"line":41,"column":87}},"type":"binary-expr","locations":[{"start":{"line":41,"column":28},"end":{"line":41,"column":54}},{"start":{"line":41,"column":58},"end":{"line":41,"column":87}}]},"18":{"loc":{"start":{"line":43,"column":25},"end":{"line":43,"column":110}},"type":"cond-expr","locations":[{"start":{"line":43,"column":74},"end":{"line":43,"column":101}},{"start":{"line":43,"column":104},"end":{"line":43,"column":110}}]},"19":{"loc":{"start":{"line":43,"column":25},"end":{"line":43,"column":71}},"type":"binary-expr","locations":[{"start":{"line":43,"column":25},"end":{"line":43,"column":54}},{"start":{"line":43,"column":58},"end":{"line":43,"column":71}}]},"20":{"loc":{"start":{"line":45,"column":13},"end":{"line":52,"column":null}},"type":"binary-expr","locations":[{"start":{"line":45,"column":13},"end":{"line":45,"column":38}},{"start":{"line":45,"column":42},"end":{"line":45,"column":55}},{"start":{"line":45,"column":59},"end":{"line":52,"column":null}}]},"21":{"loc":{"start":{"line":57,"column":22},"end":{"line":57,"column":90}},"type":"cond-expr","locations":[{"start":{"line":57,"column":68},"end":{"line":57,"column":75}},{"start":{"line":57,"column":78},"end":{"line":57,"column":90}}]},"22":{"loc":{"start":{"line":57,"column":22},"end":{"line":57,"column":65}},"type":"binary-expr","locations":[{"start":{"line":57,"column":22},"end":{"line":57,"column":48}},{"start":{"line":57,"column":52},"end":{"line":57,"column":65}}]},"23":{"loc":{"start":{"line":59,"column":6},"end":{"line":59,"column":83}},"type":"if","locations":[{"start":{"line":59,"column":6},"end":{"line":59,"column":83}}]},"24":{"loc":{"start":{"line":59,"column":10},"end":{"line":59,"column":54}},"type":"binary-expr","locations":[{"start":{"line":59,"column":10},"end":{"line":59,"column":36}},{"start":{"line":59,"column":40},"end":{"line":59,"column":54}}]},"25":{"loc":{"start":{"line":60,"column":6},"end":{"line":60,"column":76}},"type":"if","locations":[{"start":{"line":60,"column":6},"end":{"line":60,"column":76}}]},"26":{"loc":{"start":{"line":60,"column":10},"end":{"line":60,"column":57}},"type":"binary-expr","locations":[{"start":{"line":60,"column":10},"end":{"line":60,"column":39}},{"start":{"line":60,"column":43},"end":{"line":60,"column":57}}]},"27":{"loc":{"start":{"line":61,"column":13},"end":{"line":61,"column":54}},"type":"cond-expr","locations":[{"start":{"line":61,"column":29},"end":{"line":61,"column":38}},{"start":{"line":61,"column":41},"end":{"line":61,"column":54}}]},"28":{"loc":{"start":{"line":71,"column":34},"end":{"line":71,"column":53}},"type":"binary-expr","locations":[{"start":{"line":71,"column":34},"end":{"line":71,"column":52}},{"start":{"line":71,"column":34},"end":{"line":71,"column":53}}]}},"s":{"0":1,"1":1,"2":1,"3":15,"4":15,"5":15,"6":15,"7":15,"8":1,"9":45,"10":1,"11":44,"12":1,"13":43,"14":45,"15":1,"16":44,"17":14,"18":30,"19":45,"20":45,"21":45,"22":45,"23":45,"24":45,"25":2,"26":43,"27":2,"28":41,"29":1},"f":{"0":15,"1":15,"2":15,"3":15,"4":15,"5":45,"6":45,"7":45,"8":45,"9":45,"10":45,"11":45,"12":45},"b":{"0":[1,1],"1":[1,1],"2":[1,14],"3":[13,2],"4":[1,14],"5":[1,14],"6":[1,14],"7":[1,1],"8":[1],"9":[45,3],"10":[1],"11":[44,3],"12":[1],"13":[45,3],"14":[14],"15":[15,30],"16":[6,39],"17":[45,42],"18":[1,44],"19":[45,3],"20":[45,39,13],"21":[1,44],"22":[45,3],"23":[2],"24":[45,3],"25":[2],"26":[43,3],"27":[15,26],"28":[1,1]}}
,"D:\\DevEnv\\project\\landrik-ui\\src\\components\\atoms\\Tabs\\Tabs.tsx": {"path":"D:\\DevEnv\\project\\landrik-ui\\src\\components\\atoms\\Tabs\\Tabs.tsx","statementMap":{"0":{"start":{"line":1,"column":0},"end":{"line":1,"column":26}},"1":{"start":{"line":2,"column":0},"end":{"line":2,"column":67}},"2":{"start":{"line":20,"column":41},"end":{"line":55,"column":1}},"3":{"start":{"line":21,"column":6},"end":{"line":21,"column":null}},"4":{"start":{"line":22,"column":11},"end":{"line":22,"column":null}},"5":{"start":{"line":23,"column":10},"end":{"line":23,"column":null}},"6":{"start":{"line":24,"column":2},"end":{"line":24,"column":7}},"7":{"start":{"line":24,"column":7},"end":{"line":24,"column":null}},"8":{"start":{"line":25,"column":2},"end":{"line":25,"column":9}},"9":{"start":{"line":25,"column":9},"end":{"line":25,"column":null}},"10":{"start":{"line":28,"column":27},"end":{"line":28,"column":77}},"11":{"start":{"line":28,"column":44},"end":{"line":28,"column":68}},"12":{"start":{"line":30,"column":2},"end":{"line":54,"column":4}},"13":{"start":{"line":33,"column":27},"end":{"line":46,"column":10}},"14":{"start":{"line":41,"column":27},"end":{"line":41,"column":null}},"15":{"start":{"line":20,"column":13},"end":{"line":20,"column":41}}},"fnMap":{"0":{"name":"(anonymous_1)","decl":{"start":{"line":20,"column":41},"end":{"line":20,"column":42}},"loc":{"start":{"line":26,"column":1},"end":{"line":55,"column":1}}},"1":{"name":"(anonymous_2)","decl":{"start":{"line":28,"column":37},"end":{"line":28,"column":40}},"loc":{"start":{"line":28,"column":40},"end":{"line":28,"column":47}}},"2":{"name":"(anonymous_3)","decl":{"start":{"line":33,"column":18},"end":{"line":33,"column":19}},"loc":{"start":{"line":33,"column":22},"end":{"line":33,"column":null}}},"3":{"name":"(anonymous_4)","decl":{"start":{"line":41,"column":21},"end":{"line":41,"column":27}},"loc":{"start":{"line":41,"column":21},"end":{"line":41,"column":35}}}},"branchMap":{"0":{"loc":{"start":{"line":24,"column":7},"end":{"line":24,"column":null}},"type":"cond-expr","locations":[{"start":{"line":24,"column":10},"end":{"line":24,"column":19}},{"start":{"line":24,"column":19},"end":{"line":24,"column":null}}]},"1":{"loc":{"start":{"line":25,"column":9},"end":{"line":25,"column":null}},"type":"cond-expr","locations":[{"start":{"line":25,"column":12},"end":{"line":25,"column":18}},{"start":{"line":25,"column":18},"end":{"line":25,"column":null}}]},"2":{"loc":{"start":{"line":28,"column":27},"end":{"line":2
[...]
,"D:\\DevEnv\\project\\landrik-ui\\src\\components\\atoms\\TextField\\TextField.styles.ts": {"path":"D:\\DevEnv\\project\\landrik-ui\\src\\components\\atoms\\TextField\\TextField.styles.ts","statementMap":{"0":{"start":{"line":1,"column":0},"end":{"line":1,"column":57}},"1":{"start":{"line":5,"column":13},"end":{"line":11,"column":2}},"2":{"start":{"line":13,"column":13},"end":{"line":17,"column":2}},"3":{"start":{"line":19,"column":13},"end":{"line":48,"column":null}},"4":{"start":{"line":31,"column":31},"end":{"line":31,"column":null}},"5":{"start":{"line":35,"column":4},"end":{"line":40,"column":5}},"6":{"start":{"line":36,"column":19},"end":{"line":36,"column":34}},"7":{"start":{"line":37,"column":22},"end":{"line":37,"column":35}},"8":{"start":{"line":38,"column":21},"end":{"line":38,"column":34}},"9":{"start":{"line":39,"column":15},"end":{"line":39,"column":28}},"10":{"start":{"line":44,"column":28},"end":{"line":44,"column":null}},"11":{"start":{"line":45,"column":37},"end":{"line":45,"column":null}},"12":{"start":{"line":48,"column":28},"end":{"line":48,"column":null}},"13":{"start":{"line":53,"column":13},"end":{"line":64,"column":2}},"14":{"start":{"line":66,"column":13},"end":{"line":72,"column":null}},"15":{"start":{"line":70,"column":20},"end":{"line":70,"column":null}},"16":{"start":{"line":71,"column":27},"end":{"line":71,"column":null}},"17":{"start":{"line":72,"column":28},"end":{"line":72,"column":null}},"18":{"start":{"line":75,"column":13},"end":{"line":79,"column":null}},"19":{"start":{"line":79,"column":20},"end":{"line":79,"column":null}},"20":{"start":{"line":82,"column":13},"end":{"line":97,"column":2}},"21":{"start":{"line":99,"column":13},"end":{"line":104,"column":2}}},"fnMap":{"0":{"name":"(anonymous_2)","decl":{"start":{"line":31,"column":22},"end":{"line":31,"column":27}},"loc":{"start":{"line":31,"column":27},"end":{"line":31,"column":36}}},"1":{"name":"(anonymous_3)","decl":{"start":{"line":34,"column":19},"end":{"line":34,"column":24}},"loc":{"start":{"line":34,"column":24},"end":{"line":41,"column":3}}},"2":{"name":"(anonymous_4)","decl":{"start":{"line":44,"column":19},"end":{"line":44,"column":24}},"loc":{"start":{"line":44,"column":24},"end":{"line":44,"column":33}}},"3":{"name":"(anonymous_5)","decl":{"start":{"line":45,"column":28},"end":{"line":45,"column":33}},"loc":{"start":{"line":45,"column":33},"end":{"line":45,"column":42}}},"4":{"name":"(anonymous_6)","decl":{"start":{"line":48,"column":19},"end":{"line":48,"column":24}},"loc":{"start":{"line":48,"column":24},"end":{"line":48,"column":33}}},"5":{"name":"(anonymous_7)","decl":{"start":{"line":70,"column":11},"end":{"line":70,"column":16}},"loc":{"start":{"line":70,"column":16},"end":{"line":70,"column":25}}},"6":{"name":"(anonymous_8)","decl":{"start":{"line":71,"column":18},"end":{"line":71,"column":23}},"loc":{"start":{"line":71,"column":23},"end":{"line":71,"column":32}}},"7":{"name":"(anonymous_9)","decl":{"start":{"line":72,"column":19},"end":{"line":72,"column":24}},"loc":{"start":{"line":72,"column":24},"end":{"line":72,"column":33}}},"8":{"name":"(anonymous_10)","decl":{"start":{"line":79,"column":11},"end":{"line":79,"column":16}},"loc":{"start":{"line":79,"column":16},"end":{"line":79,"column":25}}}},"branchMap":{"0":{"loc":{"start":{"line":5,"column":38},"end":{"line":11,"column":2}},"type":"binary-expr","locations":[{"start":{"line":5,"column":38},"end":{"line":5,"column":null}},{"start":{"line":5,"column":38},"end":{"line":11,"column":2}}]},"1":{"loc":{"start":{"line":13,"column":38},"end":{"line":17,"column":2}},"type":"binary-expr","locations":[{"start":{"line":13,"column":38},"end":{"line":13,"column":null}},{"start":{"line":13,"column":38},"end":{"line":17,"column":2}}]},"2":{"loc":{"start":{"line":19,"column":40},"end":{"line":51,"column":2}},"type":"binary-expr","locations":[{"start":{"line":19,"column":40},"end":{"line":19,"column":null}},{"start":{"line":19,"column":40},"end":{"line":51,"column":2}}]},"3":{"loc":{"start":{"line":31,"column":31},"end":{"line":31,"column":67}},"type":"cond-expr","locations":[{"start":{"line":31,"column":46},"end":{"line":31,"column":55}},{"start":{"line":31,"column":58},"end":{"line":31,"column":67}}]},"4":{"loc":{"start":{"line":35,"column":4},"end":{"line":40,"column":5}},"type":"switch","locations":[{"start":{"line":36,"column":6},"end":{"line":36,"column":34}},{"start":{"line":37,"column":6},"end":{"line":37,"column":35}},{"start":{"line":38,"column":6},"end":{"line":38,"column":34}},{"start":{"line":39,"column":6},"end":{"line":39,"column":28}}]},"5":{"loc":{"start":{"line":44,"column":28},"end":{"line":44,"column":67}},"type":"cond-expr","locations":[{"start":{"line":44,"column":43},"end":{"line":44,"column":52}},{"start":{"line":44,"column":55},"end":{"line":44,"column":67}}]},"6":{"loc":{"start":{"line":45,"column":37},"end":{"line":45,"column":83}},"type":"cond-expr","locations":[{"start":{"line":45,"column":52},"end":{"line":45,"column":61}},{"start":{"line":45,"column":64},"end":{"line":45,"column":83}}]},"7":{"loc":{"start":{"line":48,"column":28},"end":{"line":48,"column":64}},"type":"cond-expr","locations":[{"start":{"line":48,"column":43},"end":{"line":48,"column":52}},{"start":{"line":48,"column":55},"end":{"line":48,"column":64}}]},"8":{"loc":{"start":{"line":53,"column":39},"end":{"line":64,"column":2}},"type":"binary-expr","locations":[{"start":{"line":53,"column":39},"end":{"line":53,"column":null}},{"start":{"line":53,"column":39},"end":{"line":64,"column":2}}]},"9":{"loc":{"start":{"line":66,"column":37},"end":{"line":73,"column":2}},"type":"binary-expr","locations":[{"start":{"line":66,"column":37},"end":{"line":66,"column":86}},{"start":{"line":66,"column":37},"end":{"line":73,"column":2}}]},"10":{"loc":{"start":{"line":71,"column":27},"end":{"line":71,"column":68}},"type":"cond-expr","locations":[{"start":{"line":71,"column":56},"end":{"line":71,"column":62}},{"start":{"line":71,"column":65},"end":{"line":71,"column":68}}]},"11":{"loc":{"start":{"line":72,"column":28},"end":{"line":72,"column":70}},"type":"cond-expr","locations":[{"start":{"line":72,"column":58},"end":{"line":72,"column":64}},{"start":{"line":72,"column":67},"end":{"line":72,"column":70}}]},"12":{"loc":{"start":{"line":75,"column":36},"end":{"line":80,"column":2}},"type":"binary-expr","locations":[{"start":{"line":75,"column":36},"end":{"line":75,"column":56}},{"start":{"line":75,"column":36},"end":{"line":80,"column":2}}]},"13":{"loc":{"start":{"line":82,"column":41},"end":{"line":97,"column":2}},"type":"binary-expr","locations":[{"start":{"line":82,"column":41},"end":{"line":82,"column":null}},{"start":{"line":82,"column":41},"end":{"line":97,"column":2}}]},"14":{"loc":{"start":{"line":99,"column":39},"end":{"line":104,"column":2}},"type":"binary-expr","locations":[{"start":{"line":99,"column":39},"end":{"line":99,"column":null}},{"start":{"line":99,"column":39},"end":{"line":104,"column":2}}]}},"s":{"0":1,"1":1,"2":1,"3":1,"4":20,"5":20,"6":1,"7":18,"8":1,"9":0,"10":20,"11":20,"12":20,"13":1,"14":1,"15":2,"16":2,"17":2,"18":1,"19":4,"20":1,"21":1},"f":{"0":20,"1":20,"2":20,"3":20,"4":20,"5":2,"6":2,"7":2,"8":4},"b":{"0":[1,1],"1":[1,1],"2":[1,1],"3":[3,17],"4":[1,18,1,0],"5":[3,17],"6":[3,17],"7":[3,17],"8":[1,1],"9":[1,1],"10":[1,1],"11":[1,1],"12":[1,1],"13":[1,1],"14":[1,1]}}
,"D:\\DevEnv\\project\\landrik-ui\\src\\components\\atoms\\TextField\\TextField.tsx": {"path":"D:\\DevEnv\\project\\landrik-ui\\src\\components\\atoms\\TextField\\TextField.tsx","statementMap":{"0":{"start":{"line":1,"column":0},"end":{"line":1,"column":43}},"1":{"start":{"line":3,"column":0},"end":{"line":3,"column":141}},"2":{"start":{"line":5,"column":0},"end":{"line":5,"column":28}},"3":{"start":{"line":43,"column":44},"end":{"line":107,"column":2}},"4":{"start":{"line":43,"column":51},"end":{"line":43,"column":53}},"5":{"start":{"line":43,"column":58},"end":{"line":43,"column":60}},"6":{"start":{"line":43,"column":69},"end":{"line":43,"column":71}},"7":{"start":{"line":43,"column":73},"end":{"line":43,"column":75}},"8":{"start":{"line":43,"column":80},"end":{"line":43,"column":82}},"9":{"start":{"line":43,"column":82},"end":{"line":43,"column":93}},"10":{"start":{"line":43,"column":93},"end":{"line":43,"column":99}},"11":{"start":{"line":43,"column":99},"end":{"line":43,"column":109}},"12":{"start":{"line":43,"column":109},"end":{"line":43,"column":119}},"13":{"start":{"line":43,"column":119},"end":{"line":43,"column":129}},"14":{"start":{"line":43,"column":129},"end":{"line":43,"column":139}},"15":{"start":{"line":43,"column":144},"end":{"line":43,"column":146}},"16":{"start":{"line":43,"column":155},"end":{"line":43,"column":157}},"17":{"start":{"line":43,"column":170},"end":{"line":43,"column":172}},"18":{"start":{"line":43,"column":172},"end":{"line":43,"column":184}},"19":{"start":{"line":43,"column":184},"end":{"line":43,"column":193}},"20":{"start":{"line":43,"column":197},"end":{"line":43,"column":199}},"21":{"start":{"line":43,"column":206},"end":{"line":43,"column":208}},"22":{"start":{"line":43,"column":213},"end":{"line":43,"column":215}},"23":{"start":{"line":43,"column":215},"end":{"line":43,"column":233}},"24":{"start":{"line":43,"column":233},"end":{"line":43,"column":244}},"25":{"start":{"line":43,"column":249},"end":{"line":43,"column":null}},"26":{"start":{"line":45,"column":42},"end":{"line":45,"column":57}},"27":{"start":{"line":45,"column":21},"end":{"line":45,"column":23}},"28":{"start":{"line":45,"column":38},"end":{"line":45,"column":42}},"29":{"start":{"line":46,"column":20},"end":{"line":46,"column":84}},"30":{"start":{"line":48,"column":2},"end":{"line":105,"column":null}},"31":{"start":{"line":69,"column":33},"end":{"line":69,"column":63}},"32":{"start":{"line":80,"column":31},"end":{"line":80,"column":null}},"33":{"start":{"line":43,"column":13},"end":{"line":43,"column":44}}},"fnMap":{"0":{"name":"(anonymous_11)","decl":{"start":{"line":43,"column":44},"end":{"line":43,"column":45}},"loc":{"start":{"line":43,"column":250},"end":{"line":107,"column":2}}},"1":{"name":"(anonymous_12)","decl":{"start":{"line":69,"column":26},"end":{"line":69,"column":27}},"loc":{"start":{"line":69,"column":28},"end":{"line":69,"column":63}}},"2":{"name":"(anonymous_13)","decl":{"start":{"line":80,"column":25},"end":{"line":80,"column":31}},"loc":{"start":{"line":80,"column":25},"end":{"line":80,"column":46}}}},"branchMap":{"0":{"loc":{"start":{"line":43,"column":93},"end":{"line":43,"column":99}},"type":"cond-expr","locations":[{"start":{"line":43,"column":94},"end":{"line":43,"column":96}},{"start":{"line":43,"column":96},"end":{"line":43,"column":99}}]},"1":{"loc":{"start":{"line":43,"column":109},"end":{"line":43,"column":119}},"type":"cond-expr","locations":[{"start":{"line":43,"column":112},"end":{"line":43,"column":117}},{"start":{"line":43,"column":117},"end":{"line":43,"column":119}}]},"2":{"loc":{"start":{"line":43,"column":129},"end":{"line":43,"column":139}},"type":"cond-expr","locations":[{"start":{"line":43,"column":132},"end":{"line":43,"column":137}},{"start":{"line":43,"column":137},"end":{"line":43,"column":139}}]},"3":{"loc":{"start":{"line":43,"column":184},"end":{"line":43,"column":193}},"type":"cond-expr","locations":[{"start":{"line":43,"column":185},"end":{"line":43,"column":191}},{"start":{"line":43,"column":191},"end":{"line":43,"column":193}}]},"4":{"loc":{"start":{"line":43,"column":233},"end":{"line":43,"column":244}},"type":"cond-expr","locations":[{"start":{"line":43,"column":234},"end":{"line":43,"column":239}},{"start":{"line":43,"column":239},"end":{"line":43,"column":244}}]},"5":{"loc":{"start":{"line":46,"column":20},"end":{"line":46,"column":84}},"type":"cond-expr","locations":[{"start":{"line":46,"column":42},"end":{"line":46,"column":76}},{"start":{"line":46,"column":80},"end":{"line":46,"column":84}}]},"6":{"loc":{"start":{"line":46,"column":42},"end":{"line":46,"column":76}},"type":"cond-expr","locations":[{"start":{"line":46,"column":57},"end":{"line":46,"column":63}},{"start":{"line":46,"column":66},"end":{"line":46,"column":76}}]},"7":{"loc":{"start":{"line":53,"column":50},"end":{"line":53,"column":71}},"type":"cond-expr","locations":[{"start":{"line":53,"column":63},"end":{"line":53,"column":66}},{"start":{"line":53,"column":69},"end":{"line":53,"column":71}}]},"8":{"loc":{"start":{"line":56,"column":12},"end":{"line":59,"column":null}},"type":"binary-expr","locations":[{"start":{"line":56,"column":12},"end":{"line":56,"column":16}},{"start":{"line":56,"column":20},"end":{"line":56,"column":43}},{"start":{"line":57,"column":14},"end":{"line":58,"column":null}}]},"9":{"loc":{"start":{"line":57,"column":35},"end":{"line":57,"column":60}},"type":"cond-expr","locations":[{"start":{"line":57,"column":43},"end":{"line":57,"column":52}},{"start":{"line":57,"column":55},"end":{"line":57,"column":60}}]},"10":{"loc":{"start":{"line":71,"column":13},"end":{"line":74,"column":null}},"type":"binary-expr","locations":[{"start":{"line":71,"column":13},"end":{"line":71,"column":17}},{"start":{"line":71,"column":21},"end":{"line":71,"column":45}},{"start":{"line":71,"column":49},"end":{"line":71,"column":55}},{"start":{"line":71,"column":59},"end":{"line":71,"column":67}},{"start":{"line":71,"column":71},"end":{"line":71,"column":90}},{"start":{"line":72,"column":14},"end":{"line":73,"column":null}}]},"11":{"loc":{"start":{"line":77,"column":13},"end":{"line":84,"column":null}},"type":"binary-expr","locations":[{"start":{"line":77,"column":13},"end":{"line":77,"column":31}},{"start":{"line":78,"column":14},"end":{"line":83,"column":null}}]},"12":{"loc":{"start":{"line":81,"column":28},"end":{"line":81,"column":76}},"type":"cond-expr","locations":[{"start":{"line":81,"column":43},"end":{"line":81,"column":58}},{"start":{"line":81,"column":61},"end":{"line":81,"column":76}}]},"13":{"loc":{"start":{"line":83,"column":17},"end":{"line":83,"column":102}},"type":"cond-expr","locations":[{"start":{"line":83,"column":32},"end":{"line":83,"column":68}},{"start":{"line":83,"column":71},"end":{"line":83,"column":102}}]},"14":{"loc":{"start":{"line":87,"column":13},"end":{"line":90,"column":null}},"type":"binary-expr","locations":[{"start":{"line":87,"column":13},"end":{"line":87,"column":18}},{"start":{"line":88,"column":14},"end":{"line":89,"column":null}}]},"15":{"loc":{"start":{"line":93,"column":13},"end":{"line":96,"column":null}},"type":"binary-expr","locations":[{"start":{"line":93,"column":13},"end":{"line":93,"column":20}},{"start":{"line":93,"column":24},"end":{"line":93,"column":30}},{"start":{"line":93,"column":34},"end":{"line":93,"column":53}},{"start":{"line":94,"column":14},"end":{"line":95,"column":null}}]},"16":{"loc":{"start":{"line":102,"column":8},"end":{"line":102,"column":57}},"type":"binary-expr","locations":[{"start":{"line":102,"column":8},"end":{"line":102,"column":13}},{"start":{"line":102,"column":17},"end":{"line":102,"column":57}}]}},"s":{"0":1,"1":1,"2":1,"3":1,"4":20,"5":20,"6":20,"7":20,"8":20,"9":20,"10":20,"11":20,"12":20,"13":20,"14":20,"15":20,"16":20,"17":20,"18":20,"19":20,"20":20,"21":20,"22":20,"23":20,"24":20,"25":20,"26":20,"27":20,"28":20,"29":20,"30":20,"31":1,"32":3,"33":1},"f":{"0":20,"1":1,"2":3},"b":{"0":[0,20],"1":[20,0],"2":[20,0],"3":[19,1],"4":[13,7],"5":[7,13],"6":[2,5],"7":[0,20],"8":[20,2,1],"9":[0,1],"10":[20,2,1,1,1,1],"11":[20,7],"12":[2,5],"13":[2,5],"14":[20,3],"15":[20,2,1,1],"16":[20,3]}}
,"D:\\DevEnv\\project\\landrik-ui\\src\\components\\atoms\\TextField\\index.ts": {"path":"D:\\DevEnv\\project\\landrik-ui\\src\\components\\atoms\\TextField\\index.ts","statementMap":{"0":{"start":{"line":1,"column":0},"end":{"line":1,"column":40}},"1":{"start":{"line":3,"column":0},"end":{"line":3,"column":25}}},"fnMap":{},"branchMap":{},"s":{"0":0,"1":0},"f":{},"b":{}}
,"D:\\DevEnv\\project\\landrik-ui\\src\\components\\utils\\stringUtils.tsx": {"path":"D:\\DevEnv\\project\\landrik-ui\\src\\components\\utils\\stringUtils.tsx","statementMap":{"0":{"start":{"line":12,"column":22},"end":{"line":14,"column":2}},"1":{"start":{"line":13,"column":2},"end":{"line":13,"column":108}},"2":{"start":{"line":13,"column":90},"end":{"line":13,"column":107}},"3":{"start":{"line":16,"column":0},"end":{"line":16,"column":null}}},"fnMap":{"0":{"name":"(anonymous_0)","decl":{"start":{"line":12,"column":22},"end":{"line":12,"column":23}},"loc":{"start":{"line":12,"column":35},"end":{"line":14,"column":2}}},"1":{"name":"(anonymous_1)","decl":{"start":{"line":13,"column":55},"end":{"line":13,"column":56}},"loc":{"start":{"line":13,"column":86},"end":{"line":13,"column":96}}}},"branchMap":{"0":{"loc":{"start":{"line":13,"column":90},"end":{"line":13,"column":106}},"type":"cond-expr","locations":[{"start":{"line":13,"column":98},"end":{"line":13,"column":101}},{"start":{"line":13,"column":104},"end":{"line":13,"column":106}}]}},"s":{"0":0,"1":0,"2":0,"3":0},"f":{"0":0,"1":0},"b":{"0":[0,0]}}
,"D:\\DevEnv\\project\\landrik-ui\\src\\components\\utils\\useOutsideClick.tsx": {"path":"D:\\DevEnv\\project\\landrik-ui\\src\\components\\utils\\useOutsideClick.tsx","statementMap":{"0":{"start":{"line":1,"column":0},"end":{"line":1,"column":40}},"1":{"start":{"line":13,"column":24},"end":{"line":28,"column":2}},"2":{"start":{"line":13,"column":30},"end":{"line":13,"column":32}},"3":{"start":{"line":13,"column":39},"end":{"line":13,"column":66}},"4":{"start":{"line":15,"column":2},"end":{"line":26,"column":null}},"5":{"start":{"line":16,"column":30},"end":{"line":20,"column":4}},"6":{"start":{"line":17,"column":4},"end":{"line":19,"column":5}},"7":{"start":{"line":18,"column":6},"end":{"line":18,"column":null}},"8":{"start":{"line":21,"column":3},"end":{"line":21,"column":62}},"9":{"start":{"line":22,"column":3},"end":{"line":24,"column":null}},"10":{"start":{"line":23,"column":4},"end":{"line":23,"column":null}},"11":{"start":{"line":30,"column":1},"end":{"line":30,"column":null}}},"fnMap":{"0":{"name":"(anonymous_0)","decl":{"start":{"line":13,"column":24},"end":{"line":13,"column":25}},"loc":{"start":{"line":13,"column":66},"end":{"line":28,"column":2}}},"1":{"name":"(anonymous_1)","decl":{"start":{"line":15,"column":12},"end":{"line":15,"column":null}},"loc":{"start":{"line":15,"column":12},"end":{"line":26,"column":3}}},"2":{"name":"(anonymous_2)","decl":{"start":{"line":16,"column":30},"end":{"line":16,"column":31}},"loc":{"start":{"line":16,"column":48},"end":{"line":20,"column":4}}},"3":{"name":"(anonymous_3)","decl":{"start":{"line":22,"column":10},"end":{"line":22,"column":null}},"loc":{"start":{"line":22,"column":10},"end":{"line":24,"column":4}}}},"branchMap":{"0":{"loc":{"start":{"line":17,"column":4},"end":{"line":19,"column":5}},"type":"if","locations":[{"start":{"line":17,"column":4},"end":{"line":19,"column":5}}]},"1":{"loc":{"start":{"line":17,"column":7},"end":{"line":17,"column":65}},"type":"binary-expr","locations":[{"start":{"line":17,"column":7},"end":{"line":17,"column":18}},{"start":{"line":17,"column":22},"end":{"line":17,"column":65}}]}},"s":{"0":0,"1":0,"2":0,"3":0,"4":0,"5":0,"6":0,"7":0,"8":0,"9":0,"10":0,"11":0},"f":{"0":0,"1":0,"2":0,"3":0},"b":{"0":[0],"1":[0,0]}}
}
