TN:
SF:src\index.ts
FNF:0
FNH:0
DA:1,0
LF:1
LH:0
BRF:0
BRH:0
end_of_record
TN:
SF:src\theme.ts
FNF:0
FNH:0
DA:1,0
LF:1
LH:0
BRF:0
BRH:0
end_of_record
TN:
SF:src\assets\core\tokens.ts
FNF:0
FNH:0
DA:1,4
DA:65,4
DA:70,4
DA:78,4
DA:94,4
DA:109,4
DA:118,4
LF:7
LH:7
BRF:0
BRH:0
end_of_record
TN:
SF:src\assets\svgs\icons.tsx
FNF:0
FNH:0
DA:1,4
DA:4,4
LF:2
LH:2
BRF:0
BRH:0
end_of_record
TN:
SF:src\components\index.ts
FN:1,(anonymous_1)
FN:2,(anonymous_2)
FN:3,(anonymous_3)
FN:4,(anonymous_4)
FN:5,(anonymous_5)
FN:6,(anonymous_6)
FN:7,(anonymous_7)
FNF:7
FNH:0
FNDA:0,(anonymous_1)
FNDA:0,(anonymous_2)
FNDA:0,(anonymous_3)
FNDA:0,(anonymous_4)
FNDA:0,(anonymous_5)
FNDA:0,(anonymous_6)
FNDA:0,(anonymous_7)
DA:1,0
DA:2,0
DA:3,0
DA:4,0
DA:5,0
DA:6,0
DA:7,0
LF:7
LH:0
BRF:0
BRH:0
end_of_record
TN:
SF:src\components\atoms\Button\Button.styles.ts
FN:27,(anonymous_2)
FN:30,(anonymous_3)
FN:74,(anonymous_4)
FN:84,(anonymous_5)
FN:174,(anonymous_6)
FN:187,(anonymous_7)
FNF:6
FNH:6
FNDA:27,(anonymous_2)
FNDA:27,(anonymous_3)
FNDA:27,(anonymous_4)
FNDA:27,(anonymous_5)
FNDA:27,(anonymous_6)
FNDA:10,(anonymous_7)
DA:1,1
DA:4,1
DA:10,1
DA:27,27
DA:31,27
DA:32,3
DA:34,1
DA:39,0
DA:45,2
DA:52,24
DA:54,1
DA:59,1
DA:65,22
DA:75,27
DA:76,1
DA:77,25
DA:78,1
DA:79,0
DA:85,27
DA:87,23
DA:103,1
DA:119,1
DA:133,1
DA:147,1
DA:163,0
DA:175,27
DA:176,1
DA:177,1
DA:178,25
DA:184,1
DA:187,10
LF:31
LH:28
BRDA:4,0,0,1
BRDA:4,0,1,1
BRDA:10,1,0,1
BRDA:10,1,1,1
BRDA:27,2,0,1
BRDA:27,2,1,26
BRDA:31,3,0,3
BRDA:31,3,1,24
BRDA:32,4,0,1
BRDA:32,4,1,0
BRDA:32,4,2,2
BRDA:32,4,3,2
BRDA:52,5,0,1
BRDA:52,5,1,1
BRDA:52,5,2,22
BRDA:52,5,3,22
BRDA:75,6,0,1
BRDA:75,6,1,25
BRDA:75,6,2,1
BRDA:75,6,3,0
BRDA:85,7,0,23
BRDA:85,7,1,1
BRDA:85,7,2,1
BRDA:85,7,3,1
BRDA:85,7,4,1
BRDA:85,7,5,0
BRDA:175,8,0,1
BRDA:175,8,1,1
BRDA:175,8,2,25
BRDA:184,9,0,1
BRDA:184,9,1,1
BRDA:187,10,0,10
BRDA:187,10,1,4
BRF:33
BRH:30
end_of_record
TN:
SF:src\components\atoms\Button\Button.tsx
FN:35,(anonymous_4)
FNF:1
FNH:1
FNDA:27,(anonymous_4)
DA:1,1
DA:2,1
DA:6,1
DA:35,1
DA:36,27
DA:37,27
DA:38,27
DA:39,27
DA:40,27
DA:41,27
DA:42,27
DA:43,27
DA:44,27
DA:45,27
DA:46,27
DA:47,27
DA:48,27
DA:49,27
DA:50,27
DA:55,27
DA:56,27
DA:57,27
DA:59,27
DA:82,1
LF:24
LH:24
BRDA:36,0,0,23
BRDA:36,0,1,4
BRDA:39,1,0,2
BRDA:39,1,1,25
BRDA:40,2,0,26
BRDA:40,2,1,1
BRDA:41,3,0,25
BRDA:41,3,1,2
BRDA:42,4,0,23
BRDA:42,4,1,4
BRDA:43,5,0,22
BRDA:43,5,1,5
BRDA:44,6,0,27
BRDA:44,6,1,0
BRDA:45,7,0,24
BRDA:45,7,1,3
BRDA:47,8,0,26
BRDA:47,8,1,1
BRDA:48,9,0,24
BRDA:48,9,1,3
BRDA:55,10,0,2
BRDA:55,10,1,25
BRDA:55,11,0,1
BRDA:55,11,1,24
BRDA:56,12,0,27
BRDA:56,12,1,23
BRDA:57,13,0,27
BRDA:57,13,1,24
BRDA:57,13,2,0
BRDA:67,14,0,27
BRDA:67,14,1,25
BRDA:69,15,0,3
BRDA:69,15,1,24
BRDA:69,16,0,27
BRDA:69,16,1,3
BRDA:73,17,0,27
BRDA:73,17,1,4
BRDA:74,18,0,27
BRDA:74,18,1,24
BRDA:74,18,2,3
BRDA:74,18,3,2
BRDA:75,19,0,3
BRDA:75,19,1,24
BRDA:75,20,0,27
BRDA:75,20,1,3
BRDA:76,21,0,27
BRDA:76,21,1,24
BRDA:76,21,2,3
BRDA:76,21,3,1
BRF:49
BRH:47
end_of_record
TN:
SF:src\components\atoms\Button\index.ts
FNF:0
FNH:0
DA:1,0
DA:3,0
LF:2
LH:0
BRF:0
BRH:0
end_of_record
TN:
SF:src\components\atoms\CheckBox\CheckBox.styles.ts
FN:12,(anonymous_2)
FN:13,(anonymous_3)
FN:30,(anonymous_4)
FN:31,(anonymous_5)
FN:32,(anonymous_6)
FN:38,(anonymous_7)
FN:41,(anonymous_8)
FN:45,(anonymous_9)
FN:54,(anonymous_10)
FN:55,(anonymous_11)
FN:60,(anonymous_12)
FNF:11
FNH:11
FNDA:15,(anonymous_2)
FNDA:15,(anonymous_3)
FNDA:15,(anonymous_4)
FNDA:15,(anonymous_5)
FNDA:15,(anonymous_6)
FNDA:15,(anonymous_7)
FNDA:15,(anonymous_8)
FNDA:15,(anonymous_9)
FNDA:15,(anonymous_10)
FNDA:15,(anonymous_11)
FNDA:3,(anonymous_12)
DA:6,1
DA:8,1
DA:12,15
DA:13,15
DA:17,1
DA:24,1
DA:30,15
DA:31,15
DA:32,15
DA:38,15
DA:41,15
DA:45,15
DA:49,1
DA:54,15
DA:55,15
DA:59,1
DA:60,3
LF:17
LH:17
BRDA:8,0,0,1
BRDA:8,0,1,1
BRDA:12,1,0,3
BRDA:12,1,1,12
BRDA:13,2,0,3
BRDA:13,2,1,12
BRDA:17,3,0,1
BRDA:17,3,1,1
BRDA:24,4,0,1
BRDA:24,4,1,1
BRDA:30,5,0,1
BRDA:30,5,1,14
BRDA:30,6,0,1
BRDA:30,6,1,13
BRDA:31,7,0,1
BRDA:31,7,1,14
BRDA:31,8,0,1
BRDA:31,8,1,13
BRDA:32,9,0,4
BRDA:32,9,1,11
BRDA:32,10,0,15
BRDA:32,10,1,12
BRDA:38,11,0,4
BRDA:38,11,1,11
BRDA:38,12,0,15
BRDA:38,12,1,12
BRDA:49,13,0,1
BRDA:49,13,1,1
BRDA:54,14,0,4
BRDA:54,14,1,11
BRDA:55,15,0,4
BRDA:55,15,1,11
BRDA:59,16,0,1
BRDA:59,16,1,1
BRDA:60,17,0,0
BRDA:60,17,1,3
BRDA:60,18,0,0
BRDA:60,18,1,3
BRF:38
BRH:36
end_of_record
TN:
SF:src\components\atoms\CheckBox\CheckBox.tsx
FN:19,(anonymous_1)
FN:34,(anonymous_2)
FNF:2
FNH:2
FNDA:15,(anonymous_1)
FNDA:3,(anonymous_2)
DA:2,1
DA:3,1
DA:7,1
DA:19,1
DA:20,15
DA:21,15
DA:22,15
DA:23,15
DA:24,15
DA:25,15
DA:26,15
DA:28,15
DA:30,15
DA:34,3
LF:14
LH:14
BRDA:23,0,0,12
BRDA:23,0,1,3
BRDA:24,1,0,14
BRDA:24,1,1,1
BRDA:25,2,0,14
BRDA:25,2,1,1
BRDA:26,3,0,12
BRDA:26,3,1,3
BRDA:28,4,0,1
BRDA:28,4,1,14
BRDA:28,5,0,1
BRDA:28,5,1,13
BRDA:43,6,0,15
BRDA:43,6,1,14
BRDA:44,7,0,1
BRDA:44,7,1,14
BRDA:47,8,0,15
BRDA:47,8,1,3
BRF:18
BRH:18
end_of_record
TN:
SF:src\components\atoms\CheckBox\index.ts
FNF:0
FNH:0
DA:1,0
DA:3,0
LF:2
LH:0
BRF:0
BRH:0
end_of_record
TN:
SF:src\components\atoms\Icons\Icon.stories.ts
FNF:0
FNH:0
DA:4,0
DA:6,0
DA:14,0
DA:17,0
LF:4
LH:0
BRF:0
BRH:0
end_of_record
TN:
SF:src\components\atoms\Icons\Icon.tsx
FN:17,(anonymous_4)
FNF:1
FNH:1
FNDA:68,(anonymous_4)
DA:1,4
DA:3,4
DA:4,4
DA:17,68
DA:18,68
LF:5
LH:5
BRDA:17,0,0,6
BRDA:17,0,1,62
BRDA:29,1,0,0
BRDA:29,1,1,68
BRF:4
BRH:3
end_of_record
TN:
SF:src\components\atoms\Icons\index.ts
FNF:0
FNH:0
DA:1,4
DA:3,4
LF:2
LH:2
BRF:0
BRH:0
end_of_record
TN:
SF:src\components\atoms\Link\Link.tsx
FN:27,(anonymous_4)
FNF:1
FNH:0
FNDA:0,(anonymous_4)
DA:1,0
DA:2,0
DA:3,0
DA:6,0
DA:27,0
DA:28,0
DA:36,0
LF:7
LH:0
BRDA:43,0,0,0
BRDA:43,0,1,0
BRF:2
BRH:0
end_of_record
TN:
SF:src\components\atoms\Link\index.ts
FNF:0
FNH:0
DA:1,0
DA:3,0
LF:2
LH:0
BRF:0
BRH:0
end_of_record
TN:
SF:src\components\atoms\RadioButton\RadioButton.tsx
FN:23,(anonymous_1)
FN:33,(anonymous_2)
FN:39,(anonymous_3)
FNF:3
FNH:3
FNDA:13,(anonymous_1)
FNDA:39,(anonymous_2)
FNDA:2,(anonymous_3)
DA:2,1
DA:4,1
DA:23,1
DA:24,13
DA:25,13
DA:26,13
DA:27,13
DA:28,13
DA:29,13
DA:31,13
DA:33,39
DA:39,2
LF:12
LH:12
BRDA:28,0,0,12
BRDA:28,0,1,1
BRDA:29,1,0,10
BRDA:29,1,1,3
BRF:4
BRH:4
end_of_record
TN:
SF:src\components\atoms\RadioButton\Radiobutton.styles.ts
FN:18,(anonymous_2)
FN:19,(anonymous_3)
FN:35,(anonymous_4)
FN:36,(anonymous_5)
FN:37,(anonymous_6)
FN:46,(anonymous_7)
FN:50,(anonymous_8)
FN:58,(anonymous_9)
FN:59,(anonymous_10)
FN:61,(anonymous_11)
FN:71,(anonymous_12)
FNF:11
FNH:11
FNDA:39,(anonymous_2)
FNDA:39,(anonymous_3)
FNDA:39,(anonymous_4)
FNDA:39,(anonymous_5)
FNDA:39,(anonymous_6)
FNDA:39,(anonymous_7)
FNDA:39,(anonymous_8)
FNDA:39,(anonymous_9)
FNDA:39,(anonymous_10)
FNDA:39,(anonymous_11)
FNDA:39,(anonymous_12)
DA:6,1
DA:8,1
DA:14,1
DA:18,39
DA:19,39
DA:23,1
DA:30,1
DA:35,39
DA:36,39
DA:37,39
DA:46,39
DA:50,39
DA:54,1
DA:58,39
DA:59,39
DA:61,39
DA:70,1
DA:71,39
LF:18
LH:18
BRDA:8,0,0,1
BRDA:8,0,1,1
BRDA:14,1,0,1
BRDA:14,1,1,1
BRDA:18,2,0,2
BRDA:18,2,1,37
BRDA:19,3,0,2
BRDA:19,3,1,37
BRDA:23,4,0,1
BRDA:23,4,1,1
BRDA:30,5,0,1
BRDA:30,5,1,1
BRDA:35,6,0,3
BRDA:35,6,1,36
BRDA:35,7,0,3
BRDA:35,7,1,33
BRDA:36,8,0,3
BRDA:36,8,1,36
BRDA:36,9,0,3
BRDA:36,9,1,33
BRDA:37,10,0,13
BRDA:37,10,1,26
BRDA:54,11,0,1
BRDA:54,11,1,1
BRDA:58,12,0,3
BRDA:58,12,1,36
BRDA:58,13,0,3
BRDA:58,13,1,33
BRDA:59,14,0,3
BRDA:59,14,1,36
BRDA:59,15,0,3
BRDA:59,15,1,33
BRDA:70,16,0,1
BRDA:70,16,1,1
BRDA:71,17,0,3
BRDA:71,17,1,36
BRDA:71,18,0,3
BRDA:71,18,1,33
BRF:38
BRH:38
end_of_record
TN:
SF:src\components\atoms\RadioButton\index.ts
FNF:0
FNH:0
DA:1,0
DA:3,0
LF:2
LH:0
BRF:0
BRH:0
end_of_record
TN:
SF:src\components\atoms\Select\Select.styles.ts
FN:20,(anonymous_2)
FN:21,(anonymous_3)
FN:35,(anonymous_4)
FN:38,(anonymous_5)
FN:43,(anonymous_6)
FN:44,(anonymous_7)
FN:57,(anonymous_8)
FN:72,(anonymous_9)
FN:73,(anonymous_10)
FN:74,(anonymous_11)
FN:85,(anonymous_12)
FN:86,(anonymous_13)
FN:89,(anonymous_14)
FNF:13
FNH:13
FNDA:27,(anonymous_2)
FNDA:27,(anonymous_3)
FNDA:27,(anonymous_4)
FNDA:27,(anonymous_5)
FNDA:27,(anonymous_6)
FNDA:27,(anonymous_7)
FNDA:27,(anonymous_8)
FNDA:27,(anonymous_9)
FNDA:27,(anonymous_10)
FNDA:27,(anonymous_11)
FNDA:81,(anonymous_12)
FNDA:81,(anonymous_13)
FNDA:81,(anonymous_14)
DA:6,1
DA:9,1
DA:11,1
DA:20,27
DA:22,27
DA:23,1
DA:24,25
DA:25,1
DA:35,27
DA:38,27
DA:43,27
DA:44,27
DA:53,1
DA:57,27
DA:60,1
DA:72,27
DA:73,27
DA:74,27
DA:78,1
DA:85,81
DA:86,81
DA:89,81
DA:93,1
LF:23
LH:23
BRDA:9,0,0,1
BRDA:9,0,1,1
BRDA:11,1,0,1
BRDA:11,1,1,1
BRDA:20,2,0,3
BRDA:20,2,1,24
BRDA:20,3,0,6
BRDA:20,3,1,18
BRDA:22,4,0,1
BRDA:22,4,1,25
BRDA:22,4,2,1
BRDA:35,5,0,27
BRDA:35,5,1,27
BRDA:38,6,0,3
BRDA:38,6,1,24
BRDA:43,7,0,3
BRDA:43,7,1,24
BRDA:44,8,0,3
BRDA:44,8,1,24
BRDA:53,9,0,1
BRDA:53,9,1,1
BRDA:57,10,0,6
BRDA:57,10,1,21
BRDA:60,11,0,1
BRDA:60,11,1,1
BRDA:72,12,0,6
BRDA:72,12,1,21
BRDA:73,13,0,6
BRDA:73,13,1,21
BRDA:74,14,0,6
BRDA:74,14,1,21
BRDA:78,15,0,1
BRDA:78,15,1,1
BRDA:85,16,0,3
BRDA:85,16,1,78
BRDA:86,17,0,3
BRDA:86,17,1,78
BRDA:89,18,0,3
BRDA:89,18,1,78
BRDA:93,19,0,1
BRDA:93,19,1,1
BRF:41
BRH:41
end_of_record
TN:
SF:src\components\atoms\Select\Select.tsx
FN:154,(anonymous_10)
FN:168,(anonymous_11)
FN:170,(anonymous_12)
FN:171,(anonymous_13)
FN:179,(anonymous_14)
FN:184,(anonymous_15)
FN:198,(anonymous_16)
FN:207,(anonymous_17)
FN:212,(anonymous_18)
FNF:9
FNH:9
FNDA:27,(anonymous_10)
FNDA:78,(anonymous_11)
FNDA:18,(anonymous_12)
FNDA:1,(anonymous_13)
FNDA:18,(anonymous_14)
FNDA:2,(anonymous_15)
FNDA:6,(anonymous_16)
FNDA:81,(anonymous_17)
FNDA:2,(anonymous_18)
DA:1,1
DA:2,1
DA:4,1
DA:154,1
DA:155,27
DA:156,27
DA:157,27
DA:158,27
DA:159,27
DA:160,27
DA:161,27
DA:162,27
DA:165,27
DA:166,27
DA:168,78
DA:170,27
DA:171,18
DA:172,1
DA:173,1
DA:178,18
DA:179,18
DA:184,27
DA:185,2
DA:186,2
DA:189,27
DA:198,6
DA:207,81
DA:212,2
LF:28
LH:28
BRDA:158,0,0,26
BRDA:158,0,1,1
BRDA:159,1,0,25
BRDA:159,1,1,2
BRDA:161,2,0,25
BRDA:161,2,1,2
BRDA:162,3,0,24
BRDA:162,3,1,3
BRDA:172,4,0,1
BRDA:172,5,0,1
BRDA:172,5,1,1
BRDA:198,6,0,6
BRDA:198,6,1,6
BRDA:201,7,0,3
BRDA:201,7,1,24
BRDA:215,8,0,81
BRDA:215,8,1,3
BRDA:220,9,0,27
BRDA:220,9,1,3
BRF:19
BRH:19
end_of_record
TN:
SF:src\components\atoms\Select\index.ts
FNF:0
FNH:0
DA:1,0
DA:3,0
LF:2
LH:0
BRF:0
BRH:0
end_of_record
TN:
SF:src\components\atoms\Tabs\Tabs.styles.ts
FN:12,(anonymous_2)
FN:13,(anonymous_3)
FN:14,(anonymous_4)
FN:15,(anonymous_5)
FN:16,(anonymous_6)
FN:26,(anonymous_7)
FN:31,(anonymous_8)
FN:37,(anonymous_9)
FN:41,(anonymous_10)
FN:43,(anonymous_11)
FN:45,(anonymous_12)
FN:57,(anonymous_13)
FN:58,(anonymous_14)
FNF:13
FNH:13
FNDA:15,(anonymous_2)
FNDA:15,(anonymous_3)
FNDA:15,(anonymous_4)
FNDA:15,(anonymous_5)
FNDA:15,(anonymous_6)
FNDA:45,(anonymous_7)
FNDA:45,(anonymous_8)
FNDA:45,(anonymous_9)
FNDA:45,(anonymous_10)
FNDA:45,(anonymous_11)
FNDA:45,(anonymous_12)
FNDA:45,(anonymous_13)
FNDA:45,(anonymous_14)
DA:6,1
DA:8,1
DA:10,1
DA:12,15
DA:13,15
DA:14,15
DA:15,15
DA:16,15
DA:19,1
DA:27,45
DA:28,44
DA:29,43
DA:32,45
DA:33,44
DA:34,30
DA:37,45
DA:41,45
DA:43,45
DA:45,45
DA:57,45
DA:59,45
DA:60,43
DA:61,41
DA:71,1
LF:24
LH:24
BRDA:8,0,0,1
BRDA:8,0,1,1
BRDA:10,1,0,1
BRDA:10,1,1,1
BRDA:12,2,0,1
BRDA:12,2,1,14
BRDA:13,3,0,13
BRDA:13,3,1,2
BRDA:14,4,0,1
BRDA:14,4,1,14
BRDA:15,5,0,1
BRDA:15,5,1,14
BRDA:16,6,0,1
BRDA:16,6,1,14
BRDA:19,7,0,1
BRDA:19,7,1,1
BRDA:27,8,0,1
BRDA:27,9,0,45
BRDA:27,9,1,3
BRDA:28,10,0,1
BRDA:28,11,0,44
BRDA:28,11,1,3
BRDA:32,12,0,1
BRDA:32,13,0,45
BRDA:32,13,1,3
BRDA:33,14,0,14
BRDA:37,15,0,15
BRDA:37,15,1,30
BRDA:41,16,0,6
BRDA:41,16,1,39
BRDA:41,17,0,45
BRDA:41,17,1,42
BRDA:43,18,0,1
BRDA:43,18,1,44
BRDA:43,19,0,45
BRDA:43,19,1,3
BRDA:45,20,0,45
BRDA:45,20,1,39
BRDA:45,20,2,13
BRDA:57,21,0,1
BRDA:57,21,1,44
BRDA:57,22,0,45
BRDA:57,22,1,3
BRDA:59,23,0,2
BRDA:59,24,0,45
BRDA:59,24,1,3
BRDA:60,25,0,2
BRDA:60,26,0,43
BRDA:60,26,1,3
BRDA:61,27,0,15
BRDA:61,27,1,26
BRDA:71,28,0,1
BRDA:71,28,1,1
BRF:53
BRH:53
end_of_record
TN:
SF:src\components\atoms\Tabs\Tabs.tsx
FN:20,(anonymous_1)
FN:28,(anonymous_2)
FN:33,(anonymous_3)
FN:41,(anonymous_4)
FNF:4
FNH:4
FNDA:15,(anonymous_1)
FNDA:18,(anonymous_2)
FNDA:45,(anonymous_3)
FNDA:2,(anonymous_4)
DA:1,1
DA:2,1
DA:20,1
DA:21,15
DA:22,15
DA:23,15
DA:24,15
DA:25,15
DA:28,18
DA:30,15
DA:33,45
DA:41,2
LF:12
LH:12
BRDA:24,0,0,15
BRDA:24,0,1,0
BRDA:25,1,0,12
BRDA:25,1,1,3
BRDA:28,2,0,0
BRDA:28,2,1,15
BRDA:28,3,0,15
BRDA:28,3,1,15
BRDA:48,4,0,15
BRDA:48,4,1,15
BRF:10
BRH:8
end_of_record
TN:
SF:src\components\atoms\TextField\TextField.styles.ts
FN:31,(anonymous_2)
FN:34,(anonymous_3)
FN:44,(anonymous_4)
FN:45,(anonymous_5)
FN:48,(anonymous_6)
FN:70,(anonymous_7)
FN:71,(anonymous_8)
FN:72,(anonymous_9)
FN:79,(anonymous_10)
FNF:9
FNH:9
FNDA:20,(anonymous_2)
FNDA:20,(anonymous_3)
FNDA:20,(anonymous_4)
FNDA:20,(anonymous_5)
FNDA:20,(anonymous_6)
FNDA:2,(anonymous_7)
FNDA:2,(anonymous_8)
FNDA:2,(anonymous_9)
FNDA:4,(anonymous_10)
DA:1,1
DA:5,1
DA:13,1
DA:19,1
DA:31,20
DA:35,20
DA:36,1
DA:37,18
DA:38,1
DA:39,0
DA:44,20
DA:45,20
DA:48,20
DA:53,1
DA:66,1
DA:70,2
DA:71,2
DA:72,2
DA:75,1
DA:79,4
DA:82,1
DA:99,1
LF:22
LH:21
BRDA:5,0,0,1
BRDA:5,0,1,1
BRDA:13,1,0,1
BRDA:13,1,1,1
BRDA:19,2,0,1
BRDA:19,2,1,1
BRDA:31,3,0,3
BRDA:31,3,1,17
BRDA:35,4,0,1
BRDA:35,4,1,18
BRDA:35,4,2,1
BRDA:35,4,3,0
BRDA:44,5,0,3
BRDA:44,5,1,17
BRDA:45,6,0,3
BRDA:45,6,1,17
BRDA:48,7,0,3
BRDA:48,7,1,17
BRDA:53,8,0,1
BRDA:53,8,1,1
BRDA:66,9,0,1
BRDA:66,9,1,1
BRDA:71,10,0,1
BRDA:71,10,1,1
BRDA:72,11,0,1
BRDA:72,11,1,1
BRDA:75,12,0,1
BRDA:75,12,1,1
BRDA:82,13,0,1
BRDA:82,13,1,1
BRDA:99,14,0,1
BRDA:99,14,1,1
BRF:32
BRH:31
end_of_record
TN:
SF:src\components\atoms\TextField\TextField.tsx
FN:43,(anonymous_11)
FN:69,(anonymous_12)
FN:80,(anonymous_13)
FNF:3
FNH:3
FNDA:20,(anonymous_11)
FNDA:1,(anonymous_12)
FNDA:3,(anonymous_13)
DA:1,1
DA:3,1
DA:5,1
DA:43,20
DA:45,20
DA:46,20
DA:48,20
DA:69,1
DA:80,3
LF:9
LH:9
BRDA:43,0,0,0
BRDA:43,0,1,20
BRDA:43,1,0,20
BRDA:43,1,1,0
BRDA:43,2,0,20
BRDA:43,2,1,0
BRDA:43,3,0,19
BRDA:43,3,1,1
BRDA:43,4,0,13
BRDA:43,4,1,7
BRDA:46,5,0,7
BRDA:46,5,1,13
BRDA:46,6,0,2
BRDA:46,6,1,5
BRDA:53,7,0,0
BRDA:53,7,1,20
BRDA:56,8,0,20
BRDA:56,8,1,2
BRDA:56,8,2,1
BRDA:57,9,0,0
BRDA:57,9,1,1
BRDA:71,10,0,20
BRDA:71,10,1,2
BRDA:71,10,2,1
BRDA:71,10,3,1
BRDA:71,10,4,1
BRDA:71,10,5,1
BRDA:77,11,0,20
BRDA:77,11,1,7
BRDA:81,12,0,2
BRDA:81,12,1,5
BRDA:83,13,0,2
BRDA:83,13,1,5
BRDA:87,14,0,20
BRDA:87,14,1,3
BRDA:93,15,0,20
BRDA:93,15,1,2
BRDA:93,15,2,1
BRDA:93,15,3,1
BRDA:102,16,0,20
BRDA:102,16,1,3
BRF:41
BRH:36
end_of_record
TN:
SF:src\components\atoms\TextField\index.ts
FNF:0
FNH:0
DA:1,0
DA:3,0
LF:2
LH:0
BRF:0
BRH:0
end_of_record
TN:
SF:src\components\utils\stringUtils.tsx
FN:12,(anonymous_0)
FN:13,(anonymous_1)
FNF:2
FNH:0
FNDA:0,(anonymous_0)
FNDA:0,(anonymous_1)
DA:12,0
DA:13,0
DA:16,0
LF:3
LH:0
BRDA:13,0,0,0
BRDA:13,0,1,0
BRF:2
BRH:0
end_of_record
TN:
SF:src\components\utils\useOutsideClick.tsx
FN:13,(anonymous_0)
FN:15,(anonymous_1)
FN:16,(anonymous_2)
FN:22,(anonymous_3)
FNF:4
FNH:0
FNDA:0,(anonymous_0)
FNDA:0,(anonymous_1)
FNDA:0,(anonymous_2)
FNDA:0,(anonymous_3)
DA:1,0
DA:13,0
DA:15,0
DA:16,0
DA:17,0
DA:18,0
DA:21,0
DA:22,0
DA:23,0
DA:30,0
LF:10
LH:0
BRDA:17,0,0,0
BRDA:17,1,0,0
BRDA:17,1,1,0
BRF:3
BRH:0
end_of_record
